#
# There is insufficient memory for the Java Runtime Environment to continue.
# Native memory allocation (mmap) failed to map 28311552 bytes for G1 virtual space
# Possible reasons:
#   The system is out of physical RAM or swap space
#   The process is running with CompressedOops enabled, and the Java Heap may be blocking the growth of the native heap
# Possible solutions:
#   Reduce memory load on the system
#   Increase physical memory or swap space
#   Check if swap backing store is full
#   Decrease Java heap size (-Xmx/-Xms)
#   Decrease number of Java threads
#   Decrease Java thread stack sizes (-Xss)
#   Set larger code cache with -XX:ReservedCodeCacheSize=
#   JVM is running with Unscaled Compressed Oops mode in which the Java heap is
#     placed in the first 4GB address space. The Java Heap base address is the
#     maximum limit for the native heap growth. Please use -XX:HeapBaseMinAddress
#     to set the Java Heap base and to place the Java Heap above 4GB virtual address.
# This output file may be truncated or incomplete.
#
#  Out of Memory Error (os_windows.cpp:3825), pid=9280, tid=6000
#
# JRE version: OpenJDK Runtime Environment (17.0.9) (build 17.0.9+0--11185874)
# Java VM: OpenJDK 64-Bit Server VM (17.0.9+0--11185874, mixed mode, tiered, compressed oops, compressed class ptrs, g1 gc, windows-amd64)
# No core dump will be written. Minidumps are not enabled by default on client versions of Windows
#

---------------  S U M M A R Y ------------

Command Line: org.jetbrains.kotlin.cli.jvm.K2JVMCompiler @C:\Users\julia\flutter_windows_3.19.6-stable\flutter\packages\flutter_tools\gradle\build\20250601_7150968777260729827.compiler.options

Host: AMD Ryzen 5 4500U with Radeon Graphics         , 6 cores, 7G,  Windows 11 , 64 bit Build 26100 (10.0.26100.4202)
Time: Sun Jun  1 17:02:11 2025 Mitteleuropäische Sommerzeit elapsed time: 2.110752 seconds (0d 0h 0m 2s)

---------------  T H R E A D  ---------------

Current thread (0x00000215ee1c7500):  VMThread "VM Thread" [stack: 0x0000008909200000,0x0000008909300000] [id=6000]

Stack: [0x0000008909200000,0x0000008909300000]
Native frames: (J=compiled Java code, j=interpreted, Vv=VM code, C=native code)
V  [jvm.dll+0x6886e9]
V  [jvm.dll+0x841e4a]
V  [jvm.dll+0x843a8e]
V  [jvm.dll+0x8440f3]
V  [jvm.dll+0x24c14f]
V  [jvm.dll+0x685499]
V  [jvm.dll+0x679c2a]
V  [jvm.dll+0x30cf9b]
V  [jvm.dll+0x314446]
V  [jvm.dll+0x36425e]
V  [jvm.dll+0x36448f]
V  [jvm.dll+0x2e2d68]
V  [jvm.dll+0x2e0f44]
V  [jvm.dll+0x2e054c]
V  [jvm.dll+0x325721]
V  [jvm.dll+0x8487eb]
V  [jvm.dll+0x849531]
V  [jvm.dll+0x849a4d]
V  [jvm.dll+0x849e24]
V  [jvm.dll+0x849ef0]
V  [jvm.dll+0x7f06aa]
V  [jvm.dll+0x687565]
C  [ucrtbase.dll+0x37b0]
C  [KERNEL32.DLL+0x2e8d7]
C  [ntdll.dll+0x3c34c]

VM_Operation (0x0000008908cfccc0): G1TryInitiateConcMark, mode: safepoint, requested by thread 0x00000215d4dac910


---------------  P R O C E S S  ---------------

Threads class SMR info:
_java_thread_list=0x00000215f38f4e20, length=13, elements={
0x00000215d4dac910, 0x00000215ee1ccfe0, 0x00000215ee1cd9a0, 0x00000215ee35d550,
0x00000215ee35df10, 0x00000215ee35eee0, 0x00000215ee35f8a0, 0x00000215ee360640,
0x00000215ee361500, 0x00000215ee38f030, 0x00000215ee4e2d30, 0x00000215ee4fd010,
0x00000215f3894200
}

Java Threads: ( => current thread )
  0x00000215d4dac910 JavaThread "main" [_thread_blocked, id=11708, stack(0x0000008908c00000,0x0000008908d00000)]
  0x00000215ee1ccfe0 JavaThread "Reference Handler" daemon [_thread_blocked, id=19588, stack(0x0000008909300000,0x0000008909400000)]
  0x00000215ee1cd9a0 JavaThread "Finalizer" daemon [_thread_blocked, id=10612, stack(0x0000008909400000,0x0000008909500000)]
  0x00000215ee35d550 JavaThread "Signal Dispatcher" daemon [_thread_blocked, id=8520, stack(0x0000008909500000,0x0000008909600000)]
  0x00000215ee35df10 JavaThread "Attach Listener" daemon [_thread_blocked, id=11684, stack(0x0000008909600000,0x0000008909700000)]
  0x00000215ee35eee0 JavaThread "Service Thread" daemon [_thread_blocked, id=6032, stack(0x0000008909700000,0x0000008909800000)]
  0x00000215ee35f8a0 JavaThread "Monitor Deflation Thread" daemon [_thread_blocked, id=20596, stack(0x0000008909800000,0x0000008909900000)]
  0x00000215ee360640 JavaThread "C2 CompilerThread0" daemon [_thread_blocked, id=8372, stack(0x0000008909900000,0x0000008909a00000)]
  0x00000215ee361500 JavaThread "C1 CompilerThread0" daemon [_thread_blocked, id=16356, stack(0x0000008909a00000,0x0000008909b00000)]
  0x00000215ee38f030 JavaThread "Sweeper thread" daemon [_thread_blocked, id=17748, stack(0x0000008909b00000,0x0000008909c00000)]
  0x00000215ee4e2d30 JavaThread "Notification Thread" daemon [_thread_blocked, id=1556, stack(0x0000008909c00000,0x0000008909d00000)]
  0x00000215ee4fd010 JavaThread "Common-Cleaner" daemon [_thread_blocked, id=22816, stack(0x0000008909e00000,0x0000008909f00000)]
  0x00000215f3894200 JavaThread "C2 CompilerThread1" daemon [_thread_blocked, id=14040, stack(0x0000008909f00000,0x000000890a000000)]

Other Threads:
=>0x00000215ee1c7500 VMThread "VM Thread" [stack: 0x0000008909200000,0x0000008909300000] [id=6000]
  0x00000215ee4e7220 WatcherThread [stack: 0x0000008909d00000,0x0000008909e00000] [id=7172]
  0x00000215d4e03e50 GCTaskThread "GC Thread#0" [stack: 0x0000008908d00000,0x0000008908e00000] [id=11572]
  0x00000215f3362bb0 GCTaskThread "GC Thread#1" [stack: 0x000000890a000000,0x000000890a100000] [id=8440]
  0x00000215f3363280 GCTaskThread "GC Thread#2" [stack: 0x000000890a100000,0x000000890a200000] [id=10356]
  0x00000215f3365600 GCTaskThread "GC Thread#3" [stack: 0x000000890a200000,0x000000890a300000] [id=23896]
  0x00000215f33891f0 GCTaskThread "GC Thread#4" [stack: 0x000000890a300000,0x000000890a400000] [id=23364]
  0x00000215f33894b0 GCTaskThread "GC Thread#5" [stack: 0x000000890a400000,0x000000890a500000] [id=11372]
  0x00000215d4e13960 ConcurrentGCThread "G1 Main Marker" [stack: 0x0000008908e00000,0x0000008908f00000] [id=14556]
  0x00000215d4e14380 ConcurrentGCThread "G1 Conc#0" [stack: 0x0000008908f00000,0x0000008909000000] [id=7224]
  0x00000215f37d66b0 ConcurrentGCThread "G1 Conc#1" [stack: 0x000000890a500000,0x000000890a600000] [id=13868]
  0x00000215d4e5e8c0 ConcurrentGCThread "G1 Refine#0" [stack: 0x0000008909000000,0x0000008909100000] [id=24536]
  0x00000215f3b51550 ConcurrentGCThread "G1 Refine#1" [stack: 0x000000890a600000,0x000000890a700000] [id=23596]
  0x00000215f41265f0 ConcurrentGCThread "G1 Refine#2" [stack: 0x000000890a700000,0x000000890a800000] [id=21556]
  0x00000215f7eb7c30 ConcurrentGCThread "G1 Refine#3" [stack: 0x000000890a800000,0x000000890a900000] [id=14624]
  0x00000215ee0351d0 ConcurrentGCThread "G1 Service" [stack: 0x0000008909100000,0x0000008909200000] [id=19992]

Threads with active compile tasks:
C2 CompilerThread0     2123 1543   !   4       jdk.internal.loader.BuiltinClassLoader::loadClassOrNull (143 bytes)
C2 CompilerThread1     2123 1874       4       java.util.zip.ZipFile$Source::initCEN (591 bytes)

VM state: at safepoint (normal execution)

VM Mutex/Monitor currently owned by a thread:  ([mutex/lock_event])
[0x00000215d2b68230] Threads_lock - owner thread: 0x00000215ee1c7500
[0x00000215d4da8520] Heap_lock - owner thread: 0x00000215d4dac910

Heap address: 0x000000008a200000, size: 1886 MB, Compressed Oops mode: 32-bit

CDS archive(s) not mapped
Compressed class space mapped at: 0x0000000100000000-0x0000000140000000, reserved size: 1073741824
Narrow klass base: 0x0000000000000000, Narrow klass shift: 3, Narrow klass range: 0x140000000

GC Precious Log:
 CPUs: 6 total, 6 available
 Memory: 7542M
 Large Page Support: Disabled
 NUMA Support: Disabled
 Compressed Oops: Enabled (32-bit)
 Heap Region Size: 1M
 Heap Min Capacity: 8M
 Heap Initial Capacity: 118M
 Heap Max Capacity: 1886M
 Pre-touch: Disabled
 Parallel Workers: 6
 Concurrent Workers: 2
 Concurrent Refinement Workers: 6
 Periodic GC: Disabled

Heap:
 garbage-first heap   total 93184K, used 42631K [0x000000008a200000, 0x0000000100000000)
  region size 1024K, 1 young (1024K), 1 survivors (1024K)
 Metaspace       used 30598K, committed 30784K, reserved 1114112K
  class space    used 3865K, committed 3968K, reserved 1048576K

Heap Regions: E=young(eden), S=young(survivor), O=old, HS=humongous(starts), HC=humongous(continues), CS=collection set, F=free, OA=open archive, CA=closed archive, TAMS=top-at-mark-start (previous, next)
|   0|0x000000008a200000, 0x000000008a300000, 0x000000008a300000|100%|HS|  |TAMS 0x000000008a300000, 0x000000008a300000| Complete 
|   1|0x000000008a300000, 0x000000008a400000, 0x000000008a400000|100%|HC|  |TAMS 0x000000008a400000, 0x000000008a400000| Complete 
|   2|0x000000008a400000, 0x000000008a500000, 0x000000008a500000|100%|HC|  |TAMS 0x000000008a500000, 0x000000008a500000| Complete 
|   3|0x000000008a500000, 0x000000008a600000, 0x000000008a600000|100%|HC|  |TAMS 0x000000008a600000, 0x000000008a600000| Complete 
|   4|0x000000008a600000, 0x000000008a700000, 0x000000008a700000|100%| O|  |TAMS 0x000000008a700000, 0x000000008a700000| Untracked 
|   5|0x000000008a700000, 0x000000008a800000, 0x000000008a800000|100%| O|  |TAMS 0x000000008a800000, 0x000000008a800000| Untracked 
|   6|0x000000008a800000, 0x000000008a8ec400, 0x000000008a900000| 92%| O|  |TAMS 0x000000008a8ec400, 0x000000008a8ec400| Untracked 
|   7|0x000000008a900000, 0x000000008aa00000, 0x000000008aa00000|100%| O|  |TAMS 0x000000008a900000, 0x000000008aa00000| Untracked 
|   8|0x000000008aa00000, 0x000000008ab00000, 0x000000008ab00000|100%| O|  |TAMS 0x000000008aa00000, 0x000000008ab00000| Untracked 
|   9|0x000000008ab00000, 0x000000008ac00000, 0x000000008ac00000|100%| O|  |TAMS 0x000000008ab00000, 0x000000008ac00000| Untracked 
|  10|0x000000008ac00000, 0x000000008ad00000, 0x000000008ad00000|100%|HS|  |TAMS 0x000000008ac00000, 0x000000008ad00000| Complete 
|  11|0x000000008ad00000, 0x000000008ae00000, 0x000000008ae00000|100%|HS|  |TAMS 0x000000008ad00000, 0x000000008ae00000| Complete 
|  12|0x000000008ae00000, 0x000000008af00000, 0x000000008af00000|100%|HS|  |TAMS 0x000000008ae00000, 0x000000008af00000| Complete 
|  13|0x000000008af00000, 0x000000008b000000, 0x000000008b000000|100%|HC|  |TAMS 0x000000008af00000, 0x000000008b000000| Complete 
|  14|0x000000008b000000, 0x000000008b100000, 0x000000008b100000|100%| O|  |TAMS 0x000000008b100000, 0x000000008b100000| Untracked 
|  15|0x000000008b100000, 0x000000008b200000, 0x000000008b200000|100%| O|  |TAMS 0x000000008b200000, 0x000000008b200000| Untracked 
|  16|0x000000008b200000, 0x000000008b300000, 0x000000008b300000|100%| O|  |TAMS 0x000000008b300000, 0x000000008b300000| Untracked 
|  17|0x000000008b300000, 0x000000008b400000, 0x000000008b400000|100%| O|  |TAMS 0x000000008b3ae400, 0x000000008b400000| Untracked 
|  18|0x000000008b400000, 0x000000008b500000, 0x000000008b500000|100%| O|  |TAMS 0x000000008b500000, 0x000000008b500000| Untracked 
|  19|0x000000008b500000, 0x000000008b600000, 0x000000008b600000|100%| O|  |TAMS 0x000000008b600000, 0x000000008b600000| Untracked 
|  20|0x000000008b600000, 0x000000008b700000, 0x000000008b700000|100%| O|  |TAMS 0x000000008b700000, 0x000000008b700000| Untracked 
|  21|0x000000008b700000, 0x000000008b800000, 0x000000008b800000|100%| O|  |TAMS 0x000000008b800000, 0x000000008b800000| Untracked 
|  22|0x000000008b800000, 0x000000008b900000, 0x000000008b900000|100%| O|  |TAMS 0x000000008b800000, 0x000000008b900000| Untracked 
|  23|0x000000008b900000, 0x000000008ba00000, 0x000000008ba00000|100%| O|  |TAMS 0x000000008b900000, 0x000000008ba00000| Untracked 
|  24|0x000000008ba00000, 0x000000008bb00000, 0x000000008bb00000|100%| O|  |TAMS 0x000000008ba00000, 0x000000008bb00000| Untracked 
|  25|0x000000008bb00000, 0x000000008bc00000, 0x000000008bc00000|100%| O|  |TAMS 0x000000008bb00000, 0x000000008bc00000| Untracked 
|  26|0x000000008bc00000, 0x000000008bd00000, 0x000000008bd00000|100%| O|  |TAMS 0x000000008bc00000, 0x000000008bd00000| Untracked 
|  27|0x000000008bd00000, 0x000000008be00000, 0x000000008be00000|100%| O|  |TAMS 0x000000008bd00000, 0x000000008bd00000| Untracked 
|  28|0x000000008be00000, 0x000000008bf00000, 0x000000008bf00000|100%| O|  |TAMS 0x000000008be00000, 0x000000008be00000| Untracked 
|  29|0x000000008bf00000, 0x000000008c000000, 0x000000008c000000|100%| O|  |TAMS 0x000000008bf00000, 0x000000008bf00000| Untracked 
|  30|0x000000008c000000, 0x000000008c100000, 0x000000008c100000|100%| O|  |TAMS 0x000000008c000000, 0x000000008c000000| Untracked 
|  31|0x000000008c100000, 0x000000008c125200, 0x000000008c200000| 14%| O|  |TAMS 0x000000008c100000, 0x000000008c100000| Untracked 
|  32|0x000000008c200000, 0x000000008c300000, 0x000000008c300000|100%| O|  |TAMS 0x000000008c200000, 0x000000008c300000| Untracked 
|  33|0x000000008c300000, 0x000000008c400000, 0x000000008c400000|100%| O|  |TAMS 0x000000008c300000, 0x000000008c400000| Untracked 
|  34|0x000000008c400000, 0x000000008c500000, 0x000000008c500000|100%| O|  |TAMS 0x000000008c400000, 0x000000008c500000| Untracked 
|  35|0x000000008c500000, 0x000000008c600000, 0x000000008c600000|100%| O|  |TAMS 0x000000008c500000, 0x000000008c600000| Untracked 
|  36|0x000000008c600000, 0x000000008c700000, 0x000000008c700000|100%|HS|  |TAMS 0x000000008c600000, 0x000000008c700000| Complete 
|  37|0x000000008c700000, 0x000000008c800000, 0x000000008c800000|100%|HC|  |TAMS 0x000000008c700000, 0x000000008c800000| Complete 
|  38|0x000000008c800000, 0x000000008c900000, 0x000000008c900000|100%|HC|  |TAMS 0x000000008c800000, 0x000000008c900000| Complete 
|  39|0x000000008c900000, 0x000000008ca00000, 0x000000008ca00000|100%|HC|  |TAMS 0x000000008c900000, 0x000000008ca00000| Complete 
|  40|0x000000008ca00000, 0x000000008cb00000, 0x000000008cb00000|100%|HC|  |TAMS 0x000000008ca00000, 0x000000008cb00000| Complete 
|  41|0x000000008cb00000, 0x000000008cc00000, 0x000000008cc00000|100%|HC|  |TAMS 0x000000008cb00000, 0x000000008cc00000| Complete 
|  42|0x000000008cc00000, 0x000000008cc00000, 0x000000008cd00000|  0%| F|  |TAMS 0x000000008cc00000, 0x000000008cc00000| Untracked 
|  43|0x000000008cd00000, 0x000000008cd00000, 0x000000008ce00000|  0%| F|  |TAMS 0x000000008cd00000, 0x000000008cd00000| Untracked 
|  44|0x000000008ce00000, 0x000000008ce00000, 0x000000008cf00000|  0%| F|  |TAMS 0x000000008ce00000, 0x000000008ce00000| Untracked 
|  45|0x000000008cf00000, 0x000000008cf00000, 0x000000008d000000|  0%| F|  |TAMS 0x000000008cf00000, 0x000000008cf00000| Untracked 
|  46|0x000000008d000000, 0x000000008d000000, 0x000000008d100000|  0%| F|  |TAMS 0x000000008d000000, 0x000000008d000000| Untracked 
|  47|0x000000008d100000, 0x000000008d100000, 0x000000008d200000|  0%| F|  |TAMS 0x000000008d100000, 0x000000008d100000| Untracked 
|  48|0x000000008d200000, 0x000000008d200000, 0x000000008d300000|  0%| F|  |TAMS 0x000000008d200000, 0x000000008d200000| Untracked 
|  49|0x000000008d300000, 0x000000008d300000, 0x000000008d400000|  0%| F|  |TAMS 0x000000008d300000, 0x000000008d300000| Untracked 
|  50|0x000000008d400000, 0x000000008d400000, 0x000000008d500000|  0%| F|  |TAMS 0x000000008d400000, 0x000000008d400000| Untracked 
|  51|0x000000008d500000, 0x000000008d500000, 0x000000008d600000|  0%| F|  |TAMS 0x000000008d500000, 0x000000008d500000| Untracked 
|  52|0x000000008d600000, 0x000000008d600000, 0x000000008d700000|  0%| F|  |TAMS 0x000000008d600000, 0x000000008d600000| Untracked 
|  53|0x000000008d700000, 0x000000008d700000, 0x000000008d800000|  0%| F|  |TAMS 0x000000008d700000, 0x000000008d700000| Untracked 
|  54|0x000000008d800000, 0x000000008d800000, 0x000000008d900000|  0%| F|  |TAMS 0x000000008d800000, 0x000000008d800000| Untracked 
|  55|0x000000008d900000, 0x000000008d900000, 0x000000008da00000|  0%| F|  |TAMS 0x000000008d900000, 0x000000008d900000| Untracked 
|  56|0x000000008da00000, 0x000000008da00000, 0x000000008db00000|  0%| F|  |TAMS 0x000000008da00000, 0x000000008da00000| Untracked 
|  57|0x000000008db00000, 0x000000008db00000, 0x000000008dc00000|  0%| F|  |TAMS 0x000000008db00000, 0x000000008db00000| Untracked 
|  58|0x000000008dc00000, 0x000000008dc00000, 0x000000008dd00000|  0%| F|  |TAMS 0x000000008dc00000, 0x000000008dc00000| Untracked 
|  59|0x000000008dd00000, 0x000000008dd00000, 0x000000008de00000|  0%| F|  |TAMS 0x000000008dd00000, 0x000000008dd00000| Untracked 
|  60|0x000000008de00000, 0x000000008de00000, 0x000000008df00000|  0%| F|  |TAMS 0x000000008de00000, 0x000000008de00000| Untracked 
|  61|0x000000008df00000, 0x000000008df00000, 0x000000008e000000|  0%| F|  |TAMS 0x000000008df00000, 0x000000008df00000| Untracked 
|  62|0x000000008e000000, 0x000000008e000000, 0x000000008e100000|  0%| F|  |TAMS 0x000000008e000000, 0x000000008e000000| Untracked 
|  63|0x000000008e100000, 0x000000008e100000, 0x000000008e200000|  0%| F|  |TAMS 0x000000008e100000, 0x000000008e100000| Untracked 
|  64|0x000000008e200000, 0x000000008e200000, 0x000000008e300000|  0%| F|  |TAMS 0x000000008e200000, 0x000000008e200000| Untracked 
|  65|0x000000008e300000, 0x000000008e300000, 0x000000008e400000|  0%| F|  |TAMS 0x000000008e300000, 0x000000008e300000| Untracked 
|  66|0x000000008e400000, 0x000000008e400000, 0x000000008e500000|  0%| F|  |TAMS 0x000000008e400000, 0x000000008e400000| Untracked 
|  67|0x000000008e500000, 0x000000008e500000, 0x000000008e600000|  0%| F|  |TAMS 0x000000008e500000, 0x000000008e500000| Untracked 
|  68|0x000000008e600000, 0x000000008e600000, 0x000000008e700000|  0%| F|  |TAMS 0x000000008e600000, 0x000000008e600000| Untracked 
|  69|0x000000008e700000, 0x000000008e700000, 0x000000008e800000|  0%| F|  |TAMS 0x000000008e700000, 0x000000008e700000| Untracked 
|  70|0x000000008e800000, 0x000000008e800000, 0x000000008e900000|  0%| F|  |TAMS 0x000000008e800000, 0x000000008e800000| Untracked 
|  71|0x000000008e900000, 0x000000008e900000, 0x000000008ea00000|  0%| F|  |TAMS 0x000000008e900000, 0x000000008e900000| Untracked 
|  72|0x000000008ea00000, 0x000000008ea00000, 0x000000008eb00000|  0%| F|  |TAMS 0x000000008ea00000, 0x000000008ea00000| Untracked 
|  73|0x000000008eb00000, 0x000000008eb00000, 0x000000008ec00000|  0%| F|  |TAMS 0x000000008eb00000, 0x000000008eb00000| Untracked 
|  74|0x000000008ec00000, 0x000000008ec00000, 0x000000008ed00000|  0%| F|  |TAMS 0x000000008ec00000, 0x000000008ec00000| Untracked 
|  75|0x000000008ed00000, 0x000000008ed00000, 0x000000008ee00000|  0%| F|  |TAMS 0x000000008ed00000, 0x000000008ed00000| Untracked 
|  76|0x000000008ee00000, 0x000000008ee00000, 0x000000008ef00000|  0%| F|  |TAMS 0x000000008ee00000, 0x000000008ee00000| Untracked 
|  77|0x000000008ef00000, 0x000000008ef00000, 0x000000008f000000|  0%| F|  |TAMS 0x000000008ef00000, 0x000000008ef00000| Untracked 
|  78|0x000000008f000000, 0x000000008f000000, 0x000000008f100000|  0%| F|  |TAMS 0x000000008f000000, 0x000000008f000000| Untracked 
|  79|0x000000008f100000, 0x000000008f100000, 0x000000008f200000|  0%| F|  |TAMS 0x000000008f100000, 0x000000008f100000| Untracked 
|  80|0x000000008f200000, 0x000000008f200000, 0x000000008f300000|  0%| F|  |TAMS 0x000000008f200000, 0x000000008f200000| Untracked 
|  81|0x000000008f300000, 0x000000008f300000, 0x000000008f400000|  0%| F|  |TAMS 0x000000008f300000, 0x000000008f300000| Untracked 
|  82|0x000000008f400000, 0x000000008f400000, 0x000000008f500000|  0%| F|  |TAMS 0x000000008f400000, 0x000000008f400000| Untracked 
|  83|0x000000008f500000, 0x000000008f500000, 0x000000008f600000|  0%| F|  |TAMS 0x000000008f500000, 0x000000008f500000| Untracked 
|  84|0x000000008f600000, 0x000000008f600000, 0x000000008f700000|  0%| F|  |TAMS 0x000000008f600000, 0x000000008f600000| Untracked 
|  85|0x000000008f700000, 0x000000008f700000, 0x000000008f800000|  0%| F|  |TAMS 0x000000008f700000, 0x000000008f700000| Untracked 
|  86|0x000000008f800000, 0x000000008f800000, 0x000000008f900000|  0%| F|  |TAMS 0x000000008f800000, 0x000000008f800000| Untracked 
|  87|0x000000008f900000, 0x000000008f900000, 0x000000008fa00000|  0%| F|  |TAMS 0x000000008f900000, 0x000000008f900000| Untracked 
|  88|0x000000008fa00000, 0x000000008fa00000, 0x000000008fb00000|  0%| F|  |TAMS 0x000000008fa00000, 0x000000008fa00000| Untracked 
|  89|0x000000008fb00000, 0x000000008fb90880, 0x000000008fc00000| 56%| S|CS|TAMS 0x000000008fb00000, 0x000000008fb00000| Complete 
| 117|0x0000000091700000, 0x0000000091700000, 0x0000000091800000|  0%| F|  |TAMS 0x0000000091700000, 0x0000000091700000| Untracked 

Card table byte_map: [0x00000215e7740000,0x00000215e7af0000] _byte_map_base: 0x00000215e72ef000

Marking Bits (Prev, Next): (CMBitMap*) 0x00000215d4e044b0, (CMBitMap*) 0x00000215d4e04470
 Prev Bits: [0x00000215e9c20000, 0x00000215eb998000)
 Next Bits: [0x00000215e7ea0000, 0x00000215e9c18000)

Polling page: 0x00000215d2af0000

Metaspace:

Usage:
  Non-class:     26.11 MB used.
      Class:      3.77 MB used.
       Both:     29.88 MB used.

Virtual space:
  Non-class space:       64.00 MB reserved,      26.19 MB ( 41%) committed,  1 nodes.
      Class space:        1.00 GB reserved,       3.88 MB ( <1%) committed,  1 nodes.
             Both:        1.06 GB reserved,      30.06 MB (  3%) committed. 

Chunk freelists:
   Non-Class:  5.52 MB
       Class:  12.11 MB
        Both:  17.62 MB

MaxMetaspaceSize: unlimited
CompressedClassSpaceSize: 1.00 GB
Initial GC threshold: 21.00 MB
Current GC threshold: 40.94 MB
CDS: off
MetaspaceReclaimPolicy: balanced
 - commit_granule_bytes: 65536.
 - commit_granule_words: 8192.
 - virtual_space_node_default_size: 8388608.
 - enlarge_chunks_in_place: 1.
 - new_chunks_are_fully_committed: 0.
 - uncommit_free_chunks: 1.
 - use_allocation_guard: 0.
 - handle_deallocations: 1.


Internal statistics:

num_allocs_failed_limit: 3.
num_arena_births: 120.
num_arena_deaths: 0.
num_vsnodes_births: 2.
num_vsnodes_deaths: 0.
num_space_committed: 479.
num_space_uncommitted: 0.
num_chunks_returned_to_freelist: 3.
num_chunks_taken_from_freelist: 907.
num_chunk_merges: 3.
num_chunk_splits: 721.
num_chunks_enlarged: 647.
num_inconsistent_stats: 0.

CodeHeap 'non-profiled nmethods': size=120000Kb used=866Kb max_used=866Kb free=119133Kb
 bounds [0x00000215dfd50000, 0x00000215dffc0000, 0x00000215e7280000]
CodeHeap 'profiled nmethods': size=120000Kb used=3188Kb max_used=3188Kb free=116811Kb
 bounds [0x00000215d8280000, 0x00000215d85a0000, 0x00000215df7b0000]
CodeHeap 'non-nmethods': size=5760Kb used=1271Kb max_used=1271Kb free=4488Kb
 bounds [0x00000215df7b0000, 0x00000215dfa20000, 0x00000215dfd50000]
 total_blobs=2412 nmethods=1895 adapters=427
 compilation: enabled
              stopped_count=0, restarted_count=0
 full_count=0

Compilation events (20 events):
Event: 2.078 Thread 0x00000215ee361500 1882       3       kotlin.text.StringsKt__StringsJVMKt::endsWith (44 bytes)
Event: 2.078 Thread 0x00000215ee361500 nmethod 1882 0x00000215d8598c90 code [0x00000215d8598fc0, 0x00000215d859a038]
Event: 2.086 Thread 0x00000215ee361500 1897       3       org.jetbrains.kotlin.metadata.jvm.JvmModuleProtoBuf$PackageParts::<init> (7 bytes)
Event: 2.086 Thread 0x00000215ee361500 nmethod 1897 0x00000215d859a710 code [0x00000215d859a8a0, 0x00000215d859a9e8]
Event: 2.086 Thread 0x00000215ee361500 1901       3       java.util.LinkedHashSet::<init> (10 bytes)
Event: 2.086 Thread 0x00000215ee361500 nmethod 1901 0x00000215d859aa90 code [0x00000215d859ac60, 0x00000215d859ada8]
Event: 2.086 Thread 0x00000215ee361500 1898       3       org.jetbrains.kotlin.metadata.jvm.JvmModuleProtoBuf$Module::getPackageParts (14 bytes)
Event: 2.086 Thread 0x00000215ee361500 nmethod 1898 0x00000215d859ae90 code [0x00000215d859b040, 0x00000215d859b2e8]
Event: 2.086 Thread 0x00000215ee361500 1899       3       org.jetbrains.kotlin.metadata.jvm.JvmModuleProtoBuf$PackageParts::isInitialized (39 bytes)
Event: 2.086 Thread 0x00000215ee361500 nmethod 1899 0x00000215d859b410 code [0x00000215d859b5c0, 0x00000215d859b8d8]
Event: 2.086 Thread 0x00000215ee361500 1900       3       org.jetbrains.kotlin.metadata.jvm.JvmModuleProtoBuf$PackageParts::hasPackageFqName (16 bytes)
Event: 2.086 Thread 0x00000215ee361500 nmethod 1900 0x00000215d859b990 code [0x00000215d859bb20, 0x00000215d859bc98]
Event: 2.087 Thread 0x00000215ee361500 1902       3       org.jetbrains.kotlin.metadata.jvm.JvmModuleProtoBuf$PackageParts::getPackageFqName (41 bytes)
Event: 2.087 Thread 0x00000215ee361500 nmethod 1902 0x00000215d859bd10 code [0x00000215d859bee0, 0x00000215d859c538]
Event: 2.088 Thread 0x00000215ee361500 1903       3       java.util.Arrays::copyOf (19 bytes)
Event: 2.089 Thread 0x00000215ee361500 nmethod 1903 0x00000215d859c690 code [0x00000215d859c840, 0x00000215d859cb28]
Event: 2.094 Thread 0x00000215ee361500 1904       3       org.jetbrains.kotlin.metadata.jvm.JvmModuleProtoBuf$PackageParts$1::parsePartialFrom (11 bytes)
Event: 2.095 Thread 0x00000215ee361500 nmethod 1904 0x00000215d859cc90 code [0x00000215d859ce40, 0x00000215d859d048]
Event: 2.097 Thread 0x00000215ee361500 1905       1       org.jetbrains.kotlin.metadata.jvm.JvmModuleProtoBuf$Module::getQualifiedNameTable (5 bytes)
Event: 2.097 Thread 0x00000215ee361500 nmethod 1905 0x00000215dfe28790 code [0x00000215dfe28920, 0x00000215dfe289f8]

GC Heap History (20 events):
Event: 0.606 GC heap after
{Heap after GC invocations=1 (full 0):
 garbage-first heap   total 120832K, used 7098K [0x000000008a200000, 0x0000000100000000)
  region size 1024K, 3 young (3072K), 3 survivors (3072K)
 Metaspace       used 13969K, committed 14080K, reserved 1114112K
  class space    used 1381K, committed 1408K, reserved 1048576K
}
Event: 0.993 GC heap before
{Heap before GC invocations=1 (full 0):
 garbage-first heap   total 120832K, used 31674K [0x000000008a200000, 0x0000000100000000)
  region size 1024K, 28 young (28672K), 3 survivors (3072K)
 Metaspace       used 21335K, committed 21504K, reserved 1114112K
  class space    used 2303K, committed 2368K, reserved 1048576K
}
Event: 0.998 GC heap after
{Heap after GC invocations=2 (full 0):
 garbage-first heap   total 120832K, used 8462K [0x000000008a200000, 0x0000000100000000)
  region size 1024K, 2 young (2048K), 2 survivors (2048K)
 Metaspace       used 21335K, committed 21504K, reserved 1114112K
  class space    used 2303K, committed 2368K, reserved 1048576K
}
Event: 1.231 GC heap before
{Heap before GC invocations=3 (full 0):
 garbage-first heap   total 34816K, used 28942K [0x000000008a200000, 0x0000000100000000)
  region size 1024K, 16 young (16384K), 2 survivors (2048K)
 Metaspace       used 24881K, committed 25152K, reserved 1114112K
  class space    used 3041K, committed 3136K, reserved 1048576K
}
Event: 1.236 GC heap after
{Heap after GC invocations=4 (full 0):
 garbage-first heap   total 34816K, used 17990K [0x000000008a200000, 0x0000000100000000)
  region size 1024K, 4 young (4096K), 4 survivors (4096K)
 Metaspace       used 24881K, committed 25152K, reserved 1114112K
  class space    used 3041K, committed 3136K, reserved 1048576K
}
Event: 1.262 GC heap before
{Heap before GC invocations=4 (full 0):
 garbage-first heap   total 34816K, used 26182K [0x000000008a200000, 0x0000000100000000)
  region size 1024K, 12 young (12288K), 4 survivors (4096K)
 Metaspace       used 24882K, committed 25152K, reserved 1114112K
  class space    used 3041K, committed 3136K, reserved 1048576K
}
Event: 1.269 GC heap after
{Heap after GC invocations=5 (full 0):
 garbage-first heap   total 34816K, used 20101K [0x000000008a200000, 0x0000000100000000)
  region size 1024K, 2 young (2048K), 2 survivors (2048K)
 Metaspace       used 24882K, committed 25152K, reserved 1114112K
  class space    used 3041K, committed 3136K, reserved 1048576K
}
Event: 1.288 GC heap before
{Heap before GC invocations=5 (full 0):
 garbage-first heap   total 34816K, used 26245K [0x000000008a200000, 0x0000000100000000)
  region size 1024K, 8 young (8192K), 2 survivors (2048K)
 Metaspace       used 24882K, committed 25152K, reserved 1114112K
  class space    used 3041K, committed 3136K, reserved 1048576K
}
Event: 1.293 GC heap after
{Heap after GC invocations=6 (full 0):
 garbage-first heap   total 34816K, used 21625K [0x000000008a200000, 0x0000000100000000)
  region size 1024K, 1 young (1024K), 1 survivors (1024K)
 Metaspace       used 24882K, committed 25152K, reserved 1114112K
  class space    used 3041K, committed 3136K, reserved 1048576K
}
Event: 1.334 GC heap before
{Heap before GC invocations=7 (full 0):
 garbage-first heap   total 40960K, used 24697K [0x000000008a200000, 0x0000000100000000)
  region size 1024K, 5 young (5120K), 1 survivors (1024K)
 Metaspace       used 24996K, committed 25280K, reserved 1114112K
  class space    used 3045K, committed 3136K, reserved 1048576K
}
Event: 1.339 GC heap after
{Heap after GC invocations=8 (full 0):
 garbage-first heap   total 40960K, used 23146K [0x000000008a200000, 0x0000000100000000)
  region size 1024K, 1 young (1024K), 1 survivors (1024K)
 Metaspace       used 24996K, committed 25280K, reserved 1114112K
  class space    used 3045K, committed 3136K, reserved 1048576K
}
Event: 1.391 GC heap before
{Heap before GC invocations=8 (full 0):
 garbage-first heap   total 40960K, used 29290K [0x000000008a200000, 0x0000000100000000)
  region size 1024K, 8 young (8192K), 1 survivors (1024K)
 Metaspace       used 25004K, committed 25280K, reserved 1114112K
  class space    used 3047K, committed 3136K, reserved 1048576K
}
Event: 1.403 GC heap after
{Heap after GC invocations=9 (full 0):
 garbage-first heap   total 81920K, used 28077K [0x000000008a200000, 0x0000000100000000)
  region size 1024K, 1 young (1024K), 1 survivors (1024K)
 Metaspace       used 25004K, committed 25280K, reserved 1114112K
  class space    used 3047K, committed 3136K, reserved 1048576K
}
Event: 1.503 GC heap before
{Heap before GC invocations=10 (full 0):
 garbage-first heap   total 81920K, used 52653K [0x000000008a200000, 0x0000000100000000)
  region size 1024K, 22 young (22528K), 1 survivors (1024K)
 Metaspace       used 25017K, committed 25280K, reserved 1114112K
  class space    used 3047K, committed 3136K, reserved 1048576K
}
Event: 1.515 GC heap after
{Heap after GC invocations=11 (full 0):
 garbage-first heap   total 81920K, used 31665K [0x000000008a200000, 0x0000000100000000)
  region size 1024K, 3 young (3072K), 3 survivors (3072K)
 Metaspace       used 25017K, committed 25280K, reserved 1114112K
  class space    used 3047K, committed 3136K, reserved 1048576K
}
Event: 1.899 GC heap before
{Heap before GC invocations=11 (full 0):
 garbage-first heap   total 81920K, used 51121K [0x000000008a200000, 0x0000000100000000)
  region size 1024K, 23 young (23552K), 3 survivors (3072K)
 Metaspace       used 29330K, committed 29504K, reserved 1114112K
  class space    used 3733K, committed 3840K, reserved 1048576K
}
Event: 1.906 GC heap after
{Heap after GC invocations=12 (full 0):
 garbage-first heap   total 81920K, used 29383K [0x000000008a200000, 0x0000000100000000)
  region size 1024K, 2 young (2048K), 2 survivors (2048K)
 Metaspace       used 29330K, committed 29504K, reserved 1114112K
  class space    used 3733K, committed 3840K, reserved 1048576K
}
Event: 2.072 GC heap before
{Heap before GC invocations=12 (full 0):
 garbage-first heap   total 81920K, used 46791K [0x000000008a200000, 0x0000000100000000)
  region size 1024K, 12 young (12288K), 2 survivors (2048K)
 Metaspace       used 30592K, committed 30784K, reserved 1114112K
  class space    used 3865K, committed 3968K, reserved 1048576K
}
Event: 2.076 GC heap after
{Heap after GC invocations=13 (full 0):
 garbage-first heap   total 81920K, used 39857K [0x000000008a200000, 0x0000000100000000)
  region size 1024K, 4 young (4096K), 4 survivors (4096K)
 Metaspace       used 30592K, committed 30784K, reserved 1114112K
  class space    used 3865K, committed 3968K, reserved 1048576K
}
Event: 2.101 GC heap before
{Heap before GC invocations=13 (full 0):
 garbage-first heap   total 81920K, used 41905K [0x000000008a200000, 0x0000000100000000)
  region size 1024K, 5 young (5120K), 4 survivors (4096K)
 Metaspace       used 30598K, committed 30784K, reserved 1114112K
  class space    used 3865K, committed 3968K, reserved 1048576K
}

Dll operation events (2 events):
Event: 0.014 Loaded shared library C:\Program Files\Android\Android Studio\jbr\bin\java.dll
Event: 0.890 Loaded shared library C:\Program Files\Android\Android Studio\jbr\bin\verify.dll

Deoptimization events (20 events):
Event: 2.015 Thread 0x00000215d4dac910 Uncommon trap: trap_request=0xffffffde fr.pc=0x00000215dfdf3af4 relative=0x0000000000000074
Event: 2.015 Thread 0x00000215d4dac910 Uncommon trap: reason=class_check action=maybe_recompile pc=0x00000215dfdf3af4 method=java.util.AbstractList$Itr.hasNext()Z @ 8 c2
Event: 2.015 Thread 0x00000215d4dac910 DEOPT PACKING pc=0x00000215dfdf3af4 sp=0x0000008908cfdd00
Event: 2.015 Thread 0x00000215d4dac910 DEOPT UNPACKING pc=0x00000215df8069a3 sp=0x0000008908cfdc98 mode 2
Event: 2.015 Thread 0x00000215d4dac910 Uncommon trap: trap_request=0xffffffde fr.pc=0x00000215dfdf3e74 relative=0x00000000000000d4
Event: 2.015 Thread 0x00000215d4dac910 Uncommon trap: reason=class_check action=maybe_recompile pc=0x00000215dfdf3e74 method=java.util.AbstractList$Itr.next()Ljava/lang/Object; @ 14 c2
Event: 2.015 Thread 0x00000215d4dac910 DEOPT PACKING pc=0x00000215dfdf3e74 sp=0x0000008908cfdc90
Event: 2.015 Thread 0x00000215d4dac910 DEOPT UNPACKING pc=0x00000215df8069a3 sp=0x0000008908cfdc28 mode 2
Event: 2.015 Thread 0x00000215d4dac910 Uncommon trap: trap_request=0xffffffde fr.pc=0x00000215dfdf3af4 relative=0x0000000000000074
Event: 2.015 Thread 0x00000215d4dac910 Uncommon trap: reason=class_check action=maybe_recompile pc=0x00000215dfdf3af4 method=java.util.AbstractList$Itr.hasNext()Z @ 8 c2
Event: 2.015 Thread 0x00000215d4dac910 DEOPT PACKING pc=0x00000215dfdf3af4 sp=0x0000008908cfdd00
Event: 2.015 Thread 0x00000215d4dac910 DEOPT UNPACKING pc=0x00000215df8069a3 sp=0x0000008908cfdc98 mode 2
Event: 2.015 Thread 0x00000215d4dac910 Uncommon trap: trap_request=0xffffffde fr.pc=0x00000215dfdf3e74 relative=0x00000000000000d4
Event: 2.015 Thread 0x00000215d4dac910 Uncommon trap: reason=class_check action=maybe_recompile pc=0x00000215dfdf3e74 method=java.util.AbstractList$Itr.next()Ljava/lang/Object; @ 14 c2
Event: 2.015 Thread 0x00000215d4dac910 DEOPT PACKING pc=0x00000215dfdf3e74 sp=0x0000008908cfdc90
Event: 2.015 Thread 0x00000215d4dac910 DEOPT UNPACKING pc=0x00000215df8069a3 sp=0x0000008908cfdc28 mode 2
Event: 2.059 Thread 0x00000215d4dac910 DEOPT PACKING pc=0x00000215d8448e51 sp=0x0000008908cfd610
Event: 2.059 Thread 0x00000215d4dac910 DEOPT UNPACKING pc=0x00000215df807143 sp=0x0000008908cfcba0 mode 0
Event: 2.078 Thread 0x00000215d4dac910 DEOPT PACKING pc=0x00000215d8448e51 sp=0x0000008908cfd610
Event: 2.078 Thread 0x00000215d4dac910 DEOPT UNPACKING pc=0x00000215df807143 sp=0x0000008908cfcba0 mode 0

Classes unloaded (0 events):
No events

Classes redefined (0 events):
No events

Internal exceptions (20 events):
Event: 0.719 Thread 0x00000215d4dac910 Exception <a 'java/lang/NoSuchMethodError'{0x0000000091041d80}: 'int java.lang.invoke.DirectMethodHandle$Holder.invokeSpecial(java.lang.Object, java.lang.Object, java.lang.Object, java.lang.Object)'> (0x0000000091041d80) 
thrown [s\src\hotspot\share\interpreter\linkResolver.cpp, line 771]
Event: 0.719 Thread 0x00000215d4dac910 Exception <a 'java/lang/NoSuchMethodError'{0x00000000910453e8}: 'int java.lang.invoke.Invokers$Holder.invoke_MT(java.lang.Object, java.lang.Object, java.lang.Object, java.lang.Object)'> (0x00000000910453e8) 
thrown [s\src\hotspot\share\interpreter\linkResolver.cpp, line 771]
Event: 0.722 Thread 0x00000215d4dac910 Exception <a 'java/lang/NoSuchMethodError'{0x0000000091054970}: 'void java.lang.invoke.DelegatingMethodHandle$Holder.reinvoke_L(java.lang.Object, java.lang.Object, java.lang.Object, long, java.lang.Object)'> (0x0000000091054970) 
thrown [s\src\hotspot\share\interpreter\linkResolver.cpp, line 771]
Event: 0.723 Thread 0x00000215d4dac910 Exception <a 'java/lang/NoSuchMethodError'{0x000000009105c5a8}: 'java.lang.Object java.lang.invoke.DirectMethodHandle$Holder.invokeSpecial(java.lang.Object, java.lang.Object, java.lang.Object, java.lang.Object, long)'> (0x000000009105c5a8) 
thrown [s\src\hotspot\share\interpreter\linkResolver.cpp, line 771]
Event: 0.724 Thread 0x00000215d4dac910 Exception <a 'java/lang/NoSuchMethodError'{0x000000009106b968}: 'int java.lang.invoke.DelegatingMethodHandle$Holder.reinvoke_L(java.lang.Object, java.lang.Object, java.lang.Object, long, java.lang.Object, java.lang.Object)'> (0x000000009106b968) 
thrown [s\src\hotspot\share\interpreter\linkResolver.cpp, line 771]
Event: 0.726 Thread 0x00000215d4dac910 Exception <a 'java/lang/NoSuchMethodError'{0x000000009107a4f8}: 'int java.lang.invoke.DelegatingMethodHandle$Holder.reinvoke_L(java.lang.Object, java.lang.Object, java.lang.Object, long, int, int)'> (0x000000009107a4f8) 
thrown [s\src\hotspot\share\interpreter\linkResolver.cpp, line 771]
Event: 0.728 Thread 0x00000215d4dac910 Exception <a 'java/lang/NoSuchMethodError'{0x0000000091089070}: 'int java.lang.invoke.DelegatingMethodHandle$Holder.reinvoke_L(java.lang.Object, java.lang.Object, java.lang.Object, long, long, long)'> (0x0000000091089070) 
thrown [s\src\hotspot\share\interpreter\linkResolver.cpp, line 771]
Event: 0.729 Thread 0x00000215d4dac910 Exception <a 'java/lang/NoSuchMethodError'{0x00000000910977b0}: 'int java.lang.invoke.DelegatingMethodHandle$Holder.reinvoke_L(java.lang.Object, java.lang.Object, java.lang.Object, long, int)'> (0x00000000910977b0) 
thrown [s\src\hotspot\share\interpreter\linkResolver.cpp, line 771]
Event: 0.742 Thread 0x00000215d4dac910 Exception <a 'java/lang/NoSuchMethodError'{0x0000000090f3e8b0}: 'int java.lang.invoke.DirectMethodHandle$Holder.invokeStaticInit(java.lang.Object, java.lang.Object, java.lang.Object)'> (0x0000000090f3e8b0) 
thrown [s\src\hotspot\share\interpreter\linkResolver.cpp, line 771]
Event: 0.746 Thread 0x00000215d4dac910 Exception <a 'java/lang/NoSuchMethodError'{0x0000000090f676f8}: 'int java.lang.invoke.DirectMethodHandle$Holder.invokeStaticInit(java.lang.Object, java.lang.Object)'> (0x0000000090f676f8) 
thrown [s\src\hotspot\share\interpreter\linkResolver.cpp, line 771]
Event: 0.760 Thread 0x00000215d4dac910 Exception <a 'java/lang/NoSuchMethodError'{0x0000000090e46818}: 'void java.lang.invoke.DirectMethodHandle$Holder.invokeSpecial(java.lang.Object, java.lang.Object, java.lang.Object)'> (0x0000000090e46818) 
thrown [s\src\hotspot\share\interpreter\linkResolver.cpp, line 771]
Event: 0.817 Thread 0x00000215d4dac910 Exception <a 'java/lang/NoSuchMethodError'{0x0000000090b60a70}: 'void java.lang.invoke.DirectMethodHandle$Holder.invokeStatic(java.lang.Object, java.lang.Object, java.lang.Object, java.lang.Object)'> (0x0000000090b60a70) 
thrown [s\src\hotspot\share\interpreter\linkResolver.cpp, line 771]
Event: 0.864 Thread 0x00000215d4dac910 Exception <a 'java/lang/NoSuchMethodError'{0x0000000090725730}: 'void java.lang.invoke.DirectMethodHandle$Holder.invokeStaticInit(java.lang.Object, java.lang.Object)'> (0x0000000090725730) 
thrown [s\src\hotspot\share\interpreter\linkResolver.cpp, line 771]
Event: 0.968 Thread 0x00000215d4dac910 Exception <a 'java/lang/NoSuchMethodError'{0x000000008fea0350}: 'void java.lang.invoke.DirectMethodHandle$Holder.invokeVirtual(java.lang.Object, java.lang.Object)'> (0x000000008fea0350) 
thrown [s\src\hotspot\share\interpreter\linkResolver.cpp, line 771]
Event: 1.015 Thread 0x00000215d4dac910 Exception <a 'java/lang/NoSuchMethodError'{0x000000008c02dfa8}: 'int java.lang.invoke.DirectMethodHandle$Holder.invokeVirtual(java.lang.Object, java.lang.Object)'> (0x000000008c02dfa8) 
thrown [s\src\hotspot\share\interpreter\linkResolver.cpp, line 771]
Event: 1.031 Thread 0x00000215d4dac910 Exception <a 'java/lang/NoSuchMethodError'{0x000000008c0ea3f8}: 'java.lang.Object java.lang.invoke.Invokers$Holder.invokeExact_MT(java.lang.Object, java.lang.Object, java.lang.Object, java.lang.Object, java.lang.Object, java.lang.Object)'> (0x000000008c0ea3f8) 
thrown [s\src\hotspot\share\interpreter\linkResolver.cpp, line 771]
Event: 1.153 Thread 0x00000215d4dac910 Exception <a 'java/lang/NoSuchMethodError'{0x000000008ba4d048}: 'java.lang.Object java.lang.invoke.Invokers$Holder.invoke_MT(java.lang.Object, java.lang.Object, java.lang.Object)'> (0x000000008ba4d048) 
thrown [s\src\hotspot\share\interpreter\linkResolver.cpp, line 771]
Event: 1.826 Thread 0x00000215d4dac910 Implicit null exception at 0x00000215dfd729f2 to 0x00000215dfd72fbc
Event: 1.944 Thread 0x00000215d4dac910 Implicit null exception at 0x00000215dfd7b5f2 to 0x00000215dfd7bbcc
Event: 1.987 Thread 0x00000215d4dac910 Exception <a 'java/lang/NoSuchMethodError'{0x000000008ec27670}: 'java.lang.Object java.lang.invoke.DirectMethodHandle$Holder.invokeVirtual(java.lang.Object, java.lang.Object, java.lang.Object)'> (0x000000008ec27670) 
thrown [s\src\hotspot\share\interpreter\linkResolver.cpp, line 771]

VM Operations (20 events):
Event: 1.403 Executing VM operation: G1CollectForAllocation done
Event: 1.416 Executing VM operation: G1PauseRemark
Event: 1.417 Executing VM operation: G1PauseRemark done
Event: 1.422 Executing VM operation: G1PauseCleanup
Event: 1.422 Executing VM operation: G1PauseCleanup done
Event: 1.503 Executing VM operation: G1CollectForAllocation
Event: 1.515 Executing VM operation: G1CollectForAllocation done
Event: 1.621 Executing VM operation: HandshakeAllThreads
Event: 1.621 Executing VM operation: HandshakeAllThreads done
Event: 1.796 Executing VM operation: HandshakeAllThreads
Event: 1.796 Executing VM operation: HandshakeAllThreads done
Event: 1.797 Executing VM operation: HandshakeAllThreads
Event: 1.797 Executing VM operation: HandshakeAllThreads done
Event: 1.898 Executing VM operation: G1CollectForAllocation
Event: 1.906 Executing VM operation: G1CollectForAllocation done
Event: 1.946 Executing VM operation: HandshakeAllThreads
Event: 1.946 Executing VM operation: HandshakeAllThreads done
Event: 2.072 Executing VM operation: G1TryInitiateConcMark
Event: 2.076 Executing VM operation: G1TryInitiateConcMark done
Event: 2.101 Executing VM operation: G1TryInitiateConcMark

Events (20 events):
Event: 1.849 loading class java/util/Formatter$Conversion
Event: 1.849 loading class java/util/Formatter$Conversion done
Event: 1.849 loading class java/util/Formatter$FormatSpecifier
Event: 1.849 loading class java/util/Formatter$FormatSpecifier done
Event: 1.850 loading class java/util/Formatter$Flags
Event: 1.850 loading class java/util/Formatter$Flags done
Event: 1.850 loading class java/util/Formattable
Event: 1.850 loading class java/util/Formattable done
Event: 1.884 loading class java/lang/Long$LongCache
Event: 1.884 loading class java/lang/Long$LongCache done
Event: 1.945 loading class java/util/LinkedList
Event: 1.946 loading class java/util/AbstractSequentialList
Event: 1.946 loading class java/util/AbstractSequentialList done
Event: 1.946 loading class java/util/LinkedList done
Event: 1.947 loading class java/util/LinkedList$Node
Event: 1.947 loading class java/util/LinkedList$Node done
Event: 1.947 loading class java/util/LinkedList$ListItr
Event: 1.947 loading class java/util/LinkedList$ListItr done
Event: 1.991 loading class java/io/EOFException
Event: 1.991 loading class java/io/EOFException done


Dynamic libraries:
0x00007ff706800000 - 0x00007ff70680a000 	C:\Program Files\Android\Android Studio\jbr\bin\java.exe
0x00007ffcdc800000 - 0x00007ffcdca65000 	C:\WINDOWS\SYSTEM32\ntdll.dll
0x00007ffcdc460000 - 0x00007ffcdc529000 	C:\WINDOWS\System32\KERNEL32.DLL
0x00007ffcd99f0000 - 0x00007ffcd9dd8000 	C:\WINDOWS\System32\KERNELBASE.dll
0x00007ffcd9de0000 - 0x00007ffcd9f2b000 	C:\WINDOWS\System32\ucrtbase.dll
0x00007ffca49d0000 - 0x00007ffca49e7000 	C:\Program Files\Android\Android Studio\jbr\bin\jli.dll
0x00007ffc92f00000 - 0x00007ffc92f1b000 	C:\Program Files\Android\Android Studio\jbr\bin\VCRUNTIME140.dll
0x00007ffcdb320000 - 0x00007ffcdb4ea000 	C:\WINDOWS\System32\USER32.dll
0x00007ffcda270000 - 0x00007ffcda297000 	C:\WINDOWS\System32\win32u.dll
0x00007ffcdb070000 - 0x00007ffcdb09b000 	C:\WINDOWS\System32\GDI32.dll
0x00007ffcc59b0000 - 0x00007ffcc5c4a000 	C:\WINDOWS\WinSxS\amd64_microsoft.windows.common-controls_6595b64144ccf1df_6.0.26100.4202_none_3e0698d4e335f517\COMCTL32.dll
0x00007ffcda130000 - 0x00007ffcda267000 	C:\WINDOWS\System32\gdi32full.dll
0x00007ffcda610000 - 0x00007ffcda6b9000 	C:\WINDOWS\System32\msvcrt.dll
0x00007ffcd9fc0000 - 0x00007ffcda063000 	C:\WINDOWS\System32\msvcp_win.dll
0x00007ffcdc680000 - 0x00007ffcdc6b0000 	C:\WINDOWS\System32\IMM32.DLL
0x00007ffcc8fe0000 - 0x00007ffcc8fec000 	C:\Program Files\Android\Android Studio\jbr\bin\vcruntime140_1.dll
0x00007ffc53230000 - 0x00007ffc532bd000 	C:\Program Files\Android\Android Studio\jbr\bin\msvcp140.dll
0x00007ffc53720000 - 0x00007ffc543a3000 	C:\Program Files\Android\Android Studio\jbr\bin\server\jvm.dll
0x00007ffcdb5a0000 - 0x00007ffcdb653000 	C:\WINDOWS\System32\ADVAPI32.dll
0x00007ffcdb4f0000 - 0x00007ffcdb596000 	C:\WINDOWS\System32\sechost.dll
0x00007ffcdba80000 - 0x00007ffcdbb95000 	C:\WINDOWS\System32\RPCRT4.dll
0x00007ffcd31c0000 - 0x00007ffcd31cb000 	C:\WINDOWS\SYSTEM32\VERSION.dll
0x00007ffccc6a0000 - 0x00007ffccc6aa000 	C:\WINDOWS\SYSTEM32\WSOCK32.dll
0x00007ffcdaff0000 - 0x00007ffcdb064000 	C:\WINDOWS\System32\WS2_32.dll
0x00007ffcd97a0000 - 0x00007ffcd97fe000 	C:\WINDOWS\SYSTEM32\POWRPROF.dll
0x00007ffcd7090000 - 0x00007ffcd70c5000 	C:\WINDOWS\SYSTEM32\WINMM.dll
0x00007ffcd9780000 - 0x00007ffcd9794000 	C:\WINDOWS\SYSTEM32\UMPDC.dll
0x00007ffcd8710000 - 0x00007ffcd872b000 	C:\WINDOWS\SYSTEM32\kernel.appcore.dll
0x00007ffccbc50000 - 0x00007ffccbc5a000 	C:\Program Files\Android\Android Studio\jbr\bin\jimage.dll
0x00007ffcd6e10000 - 0x00007ffcd7051000 	C:\WINDOWS\SYSTEM32\DBGHELP.DLL
0x00007ffcdb660000 - 0x00007ffcdb9e5000 	C:\WINDOWS\System32\combase.dll
0x00007ffcdaa50000 - 0x00007ffcdab31000 	C:\WINDOWS\System32\OLEAUT32.dll
0x00007ffcd6dd0000 - 0x00007ffcd6e09000 	C:\WINDOWS\SYSTEM32\dbgcore.DLL
0x00007ffcd9950000 - 0x00007ffcd99e9000 	C:\WINDOWS\System32\bcryptPrimitives.dll
0x00007ffca5460000 - 0x00007ffca5485000 	C:\Program Files\Android\Android Studio\jbr\bin\java.dll
0x00007ffcb2080000 - 0x00007ffcb2098000 	C:\Program Files\Android\Android Studio\jbr\bin\zip.dll
0x00007ffcdbba0000 - 0x00007ffcdc2e2000 	C:\WINDOWS\System32\SHELL32.dll
0x00007ffcda420000 - 0x00007ffcda594000 	C:\WINDOWS\System32\wintypes.dll
0x00007ffcd75b0000 - 0x00007ffcd7e07000 	C:\WINDOWS\SYSTEM32\windows.storage.dll
0x00007ffcdc580000 - 0x00007ffcdc671000 	C:\WINDOWS\System32\SHCORE.dll
0x00007ffcdc6c0000 - 0x00007ffcdc72a000 	C:\WINDOWS\System32\shlwapi.dll
0x00007ffcd9860000 - 0x00007ffcd988f000 	C:\WINDOWS\SYSTEM32\profapi.dll
0x00007ffcb1ed0000 - 0x00007ffcb1ee9000 	C:\Program Files\Android\Android Studio\jbr\bin\net.dll
0x00007ffcd2350000 - 0x00007ffcd246e000 	C:\WINDOWS\SYSTEM32\WINHTTP.dll
0x00007ffcd8c80000 - 0x00007ffcd8cea000 	C:\WINDOWS\system32\mswsock.dll
0x00007ffcaee20000 - 0x00007ffcaee36000 	C:\Program Files\Android\Android Studio\jbr\bin\nio.dll
0x00007ffcb93b0000 - 0x00007ffcb93c0000 	C:\Program Files\Android\Android Studio\jbr\bin\verify.dll

dbghelp: loaded successfully - version: 4.0.5 - missing functions: none
symbol engine: initialized successfully - sym options: 0x614 - pdb path: .;C:\Program Files\Android\Android Studio\jbr\bin;C:\WINDOWS\SYSTEM32;C:\WINDOWS\WinSxS\amd64_microsoft.windows.common-controls_6595b64144ccf1df_6.0.26100.4202_none_3e0698d4e335f517;C:\Program Files\Android\Android Studio\jbr\bin\server

VM Arguments:
java_command: org.jetbrains.kotlin.cli.jvm.K2JVMCompiler @C:\Users\julia\flutter_windows_3.19.6-stable\flutter\packages\flutter_tools\gradle\build\20250601_7150968777260729827.compiler.options
java_class_path (initial): C:\Users\julia\.gradle\caches\modules-2\files-2.1\org.jetbrains.kotlin\kotlin-compiler-embeddable\1.9.24\78dab849090e6c5e2eadb6e59a11cdc28fb67a08\kotlin-compiler-embeddable-1.9.24.jar;C:\Users\julia\.gradle\caches\modules-2\files-2.1\org.jetbrains.kotlin\kotlin-stdlib\1.9.24\9928532f12c66ad816a625b3f9984f8368ca6d2b\kotlin-stdlib-1.9.24.jar;C:\Users\julia\.gradle\caches\modules-2\files-2.1\org.jetbrains.kotlin\kotlin-script-runtime\1.9.24\96771497da90fbc5af1c90fce148db2595a62502\kotlin-script-runtime-1.9.24.jar;C:\Users\julia\.gradle\caches\modules-2\files-2.1\org.jetbrains.kotlin\kotlin-reflect\1.6.10\1cbe9c92c12a94eea200d23c2bbaedaf3daf5132\kotlin-reflect-1.6.10.jar;C:\Users\julia\.gradle\caches\modules-2\files-2.1\org.jetbrains.kotlin\kotlin-daemon-embeddable\1.9.24\86685b9c5e8d170925bd9ddbdc263374a6a73281\kotlin-daemon-embeddable-1.9.24.jar;C:\Users\julia\.gradle\caches\modules-2\files-2.1\org.jetbrains.intellij.deps\trove4j\1.0.20200330\3afb14d5f9ceb459d724e907a21145e8ff394f02\trove4j-1.0.20200330.jar;C:\Users\julia\.gradle\caches\modules-2\files-2.1\org.jetbrains\annotations\13.0\919f0dfe192fb4e063e7dacadee7f8bb9a2672a9\annotations-13.0.jar
Launcher Type: SUN_STANDARD

[Global flags]
     intx CICompilerCount                          = 3                                         {product} {ergonomic}
     uint ConcGCThreads                            = 2                                         {product} {ergonomic}
     uint G1ConcRefinementThreads                  = 6                                         {product} {ergonomic}
   size_t G1HeapRegionSize                         = 1048576                                   {product} {ergonomic}
    uintx GCDrainStackTargetSize                   = 64                                        {product} {ergonomic}
   size_t InitialHeapSize                          = 123731968                                 {product} {ergonomic}
   size_t MarkStackSize                            = 4194304                                   {product} {ergonomic}
   size_t MaxHeapSize                              = 1977614336                                {product} {ergonomic}
   size_t MaxNewSize                               = 1185939456                                {product} {ergonomic}
   size_t MinHeapDeltaBytes                        = 1048576                                   {product} {ergonomic}
   size_t MinHeapSize                              = 8388608                                   {product} {ergonomic}
    uintx NonNMethodCodeHeapSize                   = 5832780                                {pd product} {ergonomic}
    uintx NonProfiledCodeHeapSize                  = 122912730                              {pd product} {ergonomic}
    uintx ProfiledCodeHeapSize                     = 122912730                              {pd product} {ergonomic}
    uintx ReservedCodeCacheSize                    = 251658240                              {pd product} {ergonomic}
     bool SegmentedCodeCache                       = true                                      {product} {ergonomic}
   size_t SoftMaxHeapSize                          = 1977614336                             {manageable} {ergonomic}
     bool UseCompressedClassPointers               = true                           {product lp64_product} {ergonomic}
     bool UseCompressedOops                        = true                           {product lp64_product} {ergonomic}
     bool UseG1GC                                  = true                                      {product} {ergonomic}
     bool UseLargePagesIndividualAllocation        = false                                  {pd product} {ergonomic}

Logging:
Log output configuration:
 #0: stdout all=warning uptime,level,tags
 #1: stderr all=off uptime,level,tags

Environment Variables:
JAVA_HOME=C:\Program Files\Android\Android Studio\jbr
CLASSPATH=C:\Users\julia\AndroidStudioProjects\gsoond_app\android\\gradle\wrapper\gradle-wrapper.jar
PATH=C:\Program Files\Android\Android Studio\jbr\bin;C:\Program Files\Common Files\Oracle\Java\javapath;C:\WINDOWS\system32;C:\WINDOWS;C:\WINDOWS\System32\Wbem;C:\WINDOWS\System32\WindowsPowerShell\v1.0\;C:\WINDOWS\System32\OpenSSH\;C:\Program Files\Git\cmd;C:\Program Files\Docker\Docker\resources\bin;C:\Program Files\nodejs\;C:\Users\julia\scoop\shims;C:\Users\julia\AppData\Local\Microsoft\WindowsApps;C:\Users\julia\AppData\Local\Programs\Microsoft VS Code\bin;C:\Users\julia\AppData\Local\atom\bin;C:\Users\julia\AppData\Local\Microsoft\WindowsApps;C:\Users\julia\AppData\Local\GitHubDesktop\bin;C:\Users\julia\AppData\Local\JetBrains\DataGrip 2023.2.2\bin;;C:\Program Files\JetBrains\IntelliJ IDEA 2023.2.4\bin;;C:\Users\julia\AppData\Local\Programs\MiKTeX\miktex\bin\x64\;C:\Users\julia\flutter_windows_3.19.6-stable\flutter\bin;C:\Users\julia\AppData\Roaming\npm;C:\Users\julia\flutter_windows_3.19.6-stable\flutter\bin\mingit\cmd
USERNAME=julia
OS=Windows_NT
PROCESSOR_IDENTIFIER=AMD64 Family 23 Model 96 Stepping 1, AuthenticAMD
TMP=C:\Users\julia\AppData\Local\Temp
TEMP=C:\Users\julia\AppData\Local\Temp



Periodic native trim disabled

JNI global refs:
JNI global refs: 7, weak refs: 3

JNI global refs memory usage: 843, weak refs: 841

OOME stack traces (most recent first):
Classloader memory used:
Loader jdk.internal.loader.ClassLoaders$AppClassLoader                                 : 2441K
Loader bootstrap                                                                       : 1269K
Loader java.net.URLClassLoader                                                         : 69270B
Loader jdk.internal.jrtfs.JrtFileSystemProvider$JrtFsLoader                            : 37702B
Loader jdk.internal.loader.ClassLoaders$PlatformClassLoader                            : 9113B
Loader jdk.internal.reflect.DelegatingClassLoader                                      : 432B

Classes loaded by more than one classloader:
Class jdk.internal.jimage.BasicImageReader$1                                          : loaded 2 times (x 75B)
Class jdk.internal.jimage.ImageBufferCache$1                                          : loaded 2 times (x 78B)
Class jdk.internal.jimage.ImageBufferCache$2                                          : loaded 2 times (x 89B)
Class jdk.internal.jimage.ImageReader$SharedImageReader                               : loaded 2 times (x 93B)
Class jdk.internal.jimage.decompressor.ZipDecompressorFactory                         : loaded 2 times (x 72B)
Class jdk.internal.jimage.ImageHeader                                                 : loaded 2 times (x 69B)
Class jdk.internal.jimage.decompressor.StringSharingDecompressorFactory               : loaded 2 times (x 72B)
Class jdk.internal.jimage.BasicImageReader                                            : loaded 2 times (x 93B)
Class jdk.internal.jimage.ImageLocation                                               : loaded 2 times (x 88B)
Class jdk.internal.jimage.ImageReader$Node                                            : loaded 2 times (x 82B)
Class jdk.internal.jimage.decompressor.CompressedResourceHeader                       : loaded 2 times (x 69B)
Class jdk.internal.jrtfs.JrtPath                                                      : loaded 2 times (x 116B)
Class jdk.internal.jimage.ImageStrings                                                : loaded 2 times (x 68B)
Class jdk.internal.jimage.decompressor.ResourceDecompressorRepository                 : loaded 2 times (x 69B)
Class jdk.internal.jimage.decompressor.ResourceDecompressor$StringsProvider           : loaded 2 times (x 68B)
Class jdk.internal.jimage.decompressor.Decompressor                                   : loaded 2 times (x 70B)
Class jdk.internal.jrtfs.JrtFileSystem                                                : loaded 2 times (x 100B)
Class jdk.internal.jrtfs.JrtFileSystemProvider                                        : loaded 2 times (x 97B)
Class jdk.internal.jimage.decompressor.ResourceDecompressor                           : loaded 2 times (x 68B)
Class jdk.internal.jimage.ImageStringsReader                                          : loaded 2 times (x 78B)
Class jdk.internal.jimage.decompressor.ResourceDecompressorFactory                    : loaded 2 times (x 72B)
Class jdk.internal.jimage.decompressor.ZipDecompressor                                : loaded 2 times (x 73B)
Class jdk.internal.jimage.ImageReader                                                 : loaded 2 times (x 73B)
Class jdk.internal.jimage.ImageBufferCache                                            : loaded 2 times (x 69B)
Class jdk.internal.jimage.ImageReader$Directory                                       : loaded 2 times (x 82B)


---------------  S Y S T E M  ---------------

OS:
 Windows 11 , 64 bit Build 26100 (10.0.26100.4202)
OS uptime: 2 days 20:07 hours
Hyper-V role detected

CPU: total 6 (initial active 6) (6 cores per cpu, 1 threads per core) family 23 model 96 stepping 1 microcode 0x8600106, cx8, cmov, fxsr, mmx, 3dnowpref, sse, sse2, sse3, ssse3, sse4a, sse4.1, sse4.2, popcnt, lzcnt, tsc, tscinvbit, avx, avx2, aes, clmul, bmi1, bmi2, adx, sha, fma, vzeroupper, clflush, clflushopt, hv
Processor Information for all 6 processors :
  Max Mhz: 2375, Current Mhz: 2375, Mhz Limit: 2375

Memory: 4k page, system-wide physical 7542M (808M free)
TotalPageFile size 20029M (AvailPageFile size 15M)
current process WorkingSet (physical memory assigned to process): 178M, peak: 180M
current process commit charge ("private bytes"): 235M, peak: 263M

vm_info: OpenJDK 64-Bit Server VM (17.0.9+0--11185874) for windows-amd64 JRE (17.0.9+0--11185874), built on Dec  6 2023 18:57:44 by "androidbuild" with MS VC++ 16.10 / 16.11 (VS2019)

END.
