#
# There is insufficient memory for the Java Runtime Environment to continue.
# Native memory allocation (mmap) failed to map 28311552 bytes for G1 virtual space
# Possible reasons:
#   The system is out of physical RAM or swap space
#   The process is running with CompressedOops enabled, and the Java Heap may be blocking the growth of the native heap
# Possible solutions:
#   Reduce memory load on the system
#   Increase physical memory or swap space
#   Check if swap backing store is full
#   Decrease Java heap size (-Xmx/-Xms)
#   Decrease number of Java threads
#   Decrease Java thread stack sizes (-Xss)
#   Set larger code cache with -XX:ReservedCodeCacheSize=
#   JVM is running with Unscaled Compressed Oops mode in which the Java heap is
#     placed in the first 4GB address space. The Java Heap base address is the
#     maximum limit for the native heap growth. Please use -XX:HeapBaseMinAddress
#     to set the Java Heap base and to place the Java Heap above 4GB virtual address.
# This output file may be truncated or incomplete.
#
#  Out of Memory Error (os_windows.cpp:3825), pid=11232, tid=10584
#
# JRE version: OpenJDK Runtime Environment (17.0.9) (build 17.0.9+0--11185874)
# Java VM: OpenJDK 64-Bit Server VM (17.0.9+0--11185874, mixed mode, tiered, compressed oops, compressed class ptrs, g1 gc, windows-amd64)
# No core dump will be written. Minidumps are not enabled by default on client versions of Windows
#

---------------  S U M M A R Y ------------

Command Line: org.jetbrains.kotlin.cli.jvm.K2JVMCompiler @C:\Users\julia\flutter_windows_3.19.6-stable\flutter\packages\flutter_tools\gradle\build\20250601_12005722709502107825.compiler.options

Host: AMD Ryzen 5 4500U with Radeon Graphics         , 6 cores, 7G,  Windows 11 , 64 bit Build 26100 (10.0.26100.4202)
Time: Sun Jun  1 17:02:19 2025 Mitteleuropäische Sommerzeit elapsed time: 1.809115 seconds (0d 0h 0m 1s)

---------------  T H R E A D  ---------------

Current thread (0x000002507c186f50):  VMThread "VM Thread" [stack: 0x00000095b5300000,0x00000095b5400000] [id=10584]

Stack: [0x00000095b5300000,0x00000095b5400000]
Native frames: (J=compiled Java code, j=interpreted, Vv=VM code, C=native code)
V  [jvm.dll+0x6886e9]
V  [jvm.dll+0x841e4a]
V  [jvm.dll+0x843a8e]
V  [jvm.dll+0x8440f3]
V  [jvm.dll+0x24c14f]
V  [jvm.dll+0x685499]
V  [jvm.dll+0x679c2a]
V  [jvm.dll+0x30cf9b]
V  [jvm.dll+0x314446]
V  [jvm.dll+0x36425e]
V  [jvm.dll+0x36448f]
V  [jvm.dll+0x2e2d68]
V  [jvm.dll+0x2e0f44]
V  [jvm.dll+0x2e054c]
V  [jvm.dll+0x325721]
V  [jvm.dll+0x8487eb]
V  [jvm.dll+0x849531]
V  [jvm.dll+0x849a4d]
V  [jvm.dll+0x849e24]
V  [jvm.dll+0x849ef0]
V  [jvm.dll+0x7f06aa]
V  [jvm.dll+0x687565]
C  [ucrtbase.dll+0x37b0]
C  [KERNEL32.DLL+0x2e8d7]
C  [ntdll.dll+0x3c34c]

VM_Operation (0x00000095b4dfd1f0): G1TryInitiateConcMark, mode: safepoint, requested by thread 0x000002506317b9b0


---------------  P R O C E S S  ---------------

Threads class SMR info:
_java_thread_list=0x000002507c1792e0, length=13, elements={
0x000002506317b9b0, 0x000002507c18c1c0, 0x000002507c175230, 0x000002507c77d050,
0x000002507c77d920, 0x000002507c77e2e0, 0x000002507c783010, 0x000002507c787fb0,
0x000002507c789410, 0x000002507c78c5c0, 0x000002507c901070, 0x000002507c90c9e0,
0x000002507cc7bd90
}

Java Threads: ( => current thread )
  0x000002506317b9b0 JavaThread "main" [_thread_blocked, id=24256, stack(0x00000095b4d00000,0x00000095b4e00000)]
  0x000002507c18c1c0 JavaThread "Reference Handler" daemon [_thread_blocked, id=19840, stack(0x00000095b5400000,0x00000095b5500000)]
  0x000002507c175230 JavaThread "Finalizer" daemon [_thread_blocked, id=22384, stack(0x00000095b5500000,0x00000095b5600000)]
  0x000002507c77d050 JavaThread "Signal Dispatcher" daemon [_thread_blocked, id=24052, stack(0x00000095b5600000,0x00000095b5700000)]
  0x000002507c77d920 JavaThread "Attach Listener" daemon [_thread_blocked, id=9124, stack(0x00000095b5700000,0x00000095b5800000)]
  0x000002507c77e2e0 JavaThread "Service Thread" daemon [_thread_blocked, id=19608, stack(0x00000095b5800000,0x00000095b5900000)]
  0x000002507c783010 JavaThread "Monitor Deflation Thread" daemon [_thread_blocked, id=15856, stack(0x00000095b5900000,0x00000095b5a00000)]
  0x000002507c787fb0 JavaThread "C2 CompilerThread0" daemon [_thread_blocked, id=18716, stack(0x00000095b5a00000,0x00000095b5b00000)]
  0x000002507c789410 JavaThread "C1 CompilerThread0" daemon [_thread_blocked, id=1188, stack(0x00000095b5b00000,0x00000095b5c00000)]
  0x000002507c78c5c0 JavaThread "Sweeper thread" daemon [_thread_blocked, id=12992, stack(0x00000095b5c00000,0x00000095b5d00000)]
  0x000002507c901070 JavaThread "Notification Thread" daemon [_thread_blocked, id=6556, stack(0x00000095b5d00000,0x00000095b5e00000)]
  0x000002507c90c9e0 JavaThread "Common-Cleaner" daemon [_thread_blocked, id=7472, stack(0x00000095b5f00000,0x00000095b6000000)]
  0x000002507cc7bd90 JavaThread "C2 CompilerThread1" daemon [_thread_in_native, id=23420, stack(0x00000095b6000000,0x00000095b6100000)]

Other Threads:
=>0x000002507c186f50 VMThread "VM Thread" [stack: 0x00000095b5300000,0x00000095b5400000] [id=10584]
  0x000002507c902560 WatcherThread [stack: 0x00000095b5e00000,0x00000095b5f00000] [id=13716]
  0x00000250631d2ff0 GCTaskThread "GC Thread#0" [stack: 0x00000095b4e00000,0x00000095b4f00000] [id=11616]
  0x000002507cc74260 GCTaskThread "GC Thread#1" [stack: 0x00000095b6100000,0x00000095b6200000] [id=23000]
  0x000002507d08a9d0 GCTaskThread "GC Thread#2" [stack: 0x00000095b6200000,0x00000095b6300000] [id=24196]
  0x000002507d08bca0 GCTaskThread "GC Thread#3" [stack: 0x00000095b6300000,0x00000095b6400000] [id=19152]
  0x000002507d08bf60 GCTaskThread "GC Thread#4" [stack: 0x00000095b6400000,0x00000095b6500000] [id=23992]
  0x000002507d08c220 GCTaskThread "GC Thread#5" [stack: 0x00000095b6500000,0x00000095b6600000] [id=5548]
  0x00000250631e2b00 ConcurrentGCThread "G1 Main Marker" [stack: 0x00000095b4f00000,0x00000095b5000000] [id=22352]
  0x00000250631e68a0 ConcurrentGCThread "G1 Conc#0" [stack: 0x00000095b5000000,0x00000095b5100000] [id=14308]
  0x000002507d48b8a0 ConcurrentGCThread "G1 Conc#1" [stack: 0x00000095b6600000,0x00000095b6700000] [id=13188]
  0x000002507bfea010 ConcurrentGCThread "G1 Refine#0" [stack: 0x00000095b5100000,0x00000095b5200000] [id=2832]
  0x000002507d6c3450 ConcurrentGCThread "G1 Refine#1" [stack: 0x00000095b6700000,0x00000095b6800000] [id=15048]
  0x000002507e21a160 ConcurrentGCThread "G1 Refine#2" [stack: 0x00000095b6800000,0x00000095b6900000] [id=17280]
  0x000002507e21a450 ConcurrentGCThread "G1 Refine#3" [stack: 0x00000095b6900000,0x00000095b6a00000] [id=23068]
  0x000002507bfea7e0 ConcurrentGCThread "G1 Service" [stack: 0x00000095b5200000,0x00000095b5300000] [id=23300]

Threads with active compile tasks:
C2 CompilerThread0     1821 1731 %     4       java.util.zip.ZipFile$Source::initCEN @ 240 (591 bytes)
C2 CompilerThread1     1821 1501   !   4       jdk.internal.loader.BuiltinClassLoader::loadClassOrNull (143 bytes)

VM state: at safepoint (normal execution)

VM Mutex/Monitor currently owned by a thread:  ([mutex/lock_event])
[0x0000025060fc1cd0] Threads_lock - owner thread: 0x000002507c186f50
[0x0000025063179fa0] Heap_lock - owner thread: 0x000002506317b9b0

Heap address: 0x000000008a200000, size: 1886 MB, Compressed Oops mode: 32-bit

CDS archive(s) not mapped
Compressed class space mapped at: 0x0000000100000000-0x0000000140000000, reserved size: 1073741824
Narrow klass base: 0x0000000000000000, Narrow klass shift: 3, Narrow klass range: 0x140000000

GC Precious Log:
 CPUs: 6 total, 6 available
 Memory: 7542M
 Large Page Support: Disabled
 NUMA Support: Disabled
 Compressed Oops: Enabled (32-bit)
 Heap Region Size: 1M
 Heap Min Capacity: 8M
 Heap Initial Capacity: 118M
 Heap Max Capacity: 1886M
 Pre-touch: Disabled
 Parallel Workers: 6
 Concurrent Workers: 2
 Concurrent Refinement Workers: 6
 Periodic GC: Disabled

Heap:
 garbage-first heap   total 93184K, used 37269K [0x000000008a200000, 0x0000000100000000)
  region size 1024K, 2 young (2048K), 2 survivors (2048K)
 Metaspace       used 30524K, committed 30720K, reserved 1114112K
  class space    used 3865K, committed 3968K, reserved 1048576K

Heap Regions: E=young(eden), S=young(survivor), O=old, HS=humongous(starts), HC=humongous(continues), CS=collection set, F=free, OA=open archive, CA=closed archive, TAMS=top-at-mark-start (previous, next)
|   0|0x000000008a200000, 0x000000008a300000, 0x000000008a300000|100%|HS|  |TAMS 0x000000008a300000, 0x000000008a300000| Complete 
|   1|0x000000008a300000, 0x000000008a400000, 0x000000008a400000|100%|HC|  |TAMS 0x000000008a400000, 0x000000008a400000| Complete 
|   2|0x000000008a400000, 0x000000008a500000, 0x000000008a500000|100%|HC|  |TAMS 0x000000008a500000, 0x000000008a500000| Complete 
|   3|0x000000008a500000, 0x000000008a600000, 0x000000008a600000|100%|HC|  |TAMS 0x000000008a600000, 0x000000008a600000| Complete 
|   4|0x000000008a600000, 0x000000008a700000, 0x000000008a700000|100%| O|  |TAMS 0x000000008a700000, 0x000000008a700000| Untracked 
|   5|0x000000008a700000, 0x000000008a800000, 0x000000008a800000|100%| O|  |TAMS 0x000000008a800000, 0x000000008a800000| Untracked 
|   6|0x000000008a800000, 0x000000008a900000, 0x000000008a900000|100%| O|  |TAMS 0x000000008a900000, 0x000000008a900000| Untracked 
|   7|0x000000008a900000, 0x000000008aa00000, 0x000000008aa00000|100%| O|  |TAMS 0x000000008a900000, 0x000000008aa00000| Untracked 
|   8|0x000000008aa00000, 0x000000008ab00000, 0x000000008ab00000|100%| O|  |TAMS 0x000000008ab00000, 0x000000008ab00000| Untracked 
|   9|0x000000008ab00000, 0x000000008ac00000, 0x000000008ac00000|100%| O|  |TAMS 0x000000008ac00000, 0x000000008ac00000| Untracked 
|  10|0x000000008ac00000, 0x000000008ad00000, 0x000000008ad00000|100%| O|  |TAMS 0x000000008ad00000, 0x000000008ad00000| Untracked 
|  11|0x000000008ad00000, 0x000000008ae00000, 0x000000008ae00000|100%| O|  |TAMS 0x000000008ad80000, 0x000000008ae00000| Untracked 
|  12|0x000000008ae00000, 0x000000008af00000, 0x000000008af00000|100%| O|  |TAMS 0x000000008ae00000, 0x000000008af00000| Untracked 
|  13|0x000000008af00000, 0x000000008af65400, 0x000000008b000000| 39%| O|  |TAMS 0x000000008af00000, 0x000000008af65400| Untracked 
|  14|0x000000008b000000, 0x000000008b100000, 0x000000008b100000|100%| O|  |TAMS 0x000000008b100000, 0x000000008b100000| Untracked 
|  15|0x000000008b100000, 0x000000008b200000, 0x000000008b200000|100%| O|  |TAMS 0x000000008b200000, 0x000000008b200000| Untracked 
|  16|0x000000008b200000, 0x000000008b300000, 0x000000008b300000|100%|HS|  |TAMS 0x000000008b200000, 0x000000008b300000| Complete 
|  17|0x000000008b300000, 0x000000008b400000, 0x000000008b400000|100%| O|  |TAMS 0x000000008b400000, 0x000000008b400000| Untracked 
|  18|0x000000008b400000, 0x000000008b500000, 0x000000008b500000|100%| O|  |TAMS 0x000000008b500000, 0x000000008b500000| Untracked 
|  19|0x000000008b500000, 0x000000008b600000, 0x000000008b600000|100%| O|  |TAMS 0x000000008b600000, 0x000000008b600000| Untracked 
|  20|0x000000008b600000, 0x000000008b700000, 0x000000008b700000|100%| O|  |TAMS 0x000000008b700000, 0x000000008b700000| Untracked 
|  21|0x000000008b700000, 0x000000008b800000, 0x000000008b800000|100%| O|  |TAMS 0x000000008b800000, 0x000000008b800000| Untracked 
|  22|0x000000008b800000, 0x000000008b800000, 0x000000008b900000|  0%| F|  |TAMS 0x000000008b800000, 0x000000008b800000| Untracked 
|  23|0x000000008b900000, 0x000000008b900000, 0x000000008ba00000|  0%| F|  |TAMS 0x000000008b900000, 0x000000008b900000| Untracked 
|  24|0x000000008ba00000, 0x000000008bb00000, 0x000000008bb00000|100%| O|  |TAMS 0x000000008bb00000, 0x000000008bb00000| Untracked 
|  25|0x000000008bb00000, 0x000000008bc00000, 0x000000008bc00000|100%| O|  |TAMS 0x000000008bc00000, 0x000000008bc00000| Untracked 
|  26|0x000000008bc00000, 0x000000008bd00000, 0x000000008bd00000|100%| O|  |TAMS 0x000000008bd00000, 0x000000008bd00000| Untracked 
|  27|0x000000008bd00000, 0x000000008be00000, 0x000000008be00000|100%| O|  |TAMS 0x000000008be00000, 0x000000008be00000| Untracked 
|  28|0x000000008be00000, 0x000000008be00000, 0x000000008bf00000|  0%| F|  |TAMS 0x000000008be00000, 0x000000008be00000| Untracked 
|  29|0x000000008bf00000, 0x000000008c000000, 0x000000008c000000|100%| O|  |TAMS 0x000000008c000000, 0x000000008c000000| Untracked 
|  30|0x000000008c000000, 0x000000008c100000, 0x000000008c100000|100%| O|  |TAMS 0x000000008c100000, 0x000000008c100000| Untracked 
|  31|0x000000008c100000, 0x000000008c200000, 0x000000008c200000|100%| O|  |TAMS 0x000000008c200000, 0x000000008c200000| Untracked 
|  32|0x000000008c200000, 0x000000008c300000, 0x000000008c300000|100%|HS|  |TAMS 0x000000008c300000, 0x000000008c300000| Complete 
|  33|0x000000008c300000, 0x000000008c400000, 0x000000008c400000|100%|HC|  |TAMS 0x000000008c400000, 0x000000008c400000| Complete 
|  34|0x000000008c400000, 0x000000008c500000, 0x000000008c500000|100%|HC|  |TAMS 0x000000008c500000, 0x000000008c500000| Complete 
|  35|0x000000008c500000, 0x000000008c600000, 0x000000008c600000|100%|HC|  |TAMS 0x000000008c600000, 0x000000008c600000| Complete 
|  36|0x000000008c600000, 0x000000008c700000, 0x000000008c700000|100%|HC|  |TAMS 0x000000008c700000, 0x000000008c700000| Complete 
|  37|0x000000008c700000, 0x000000008c800000, 0x000000008c800000|100%|HC|  |TAMS 0x000000008c800000, 0x000000008c800000| Complete 
|  38|0x000000008c800000, 0x000000008c800000, 0x000000008c900000|  0%| F|  |TAMS 0x000000008c800000, 0x000000008c800000| Untracked 
|  39|0x000000008c900000, 0x000000008c900000, 0x000000008ca00000|  0%| F|  |TAMS 0x000000008c900000, 0x000000008c900000| Untracked 
|  40|0x000000008ca00000, 0x000000008ca00000, 0x000000008cb00000|  0%| F|  |TAMS 0x000000008ca00000, 0x000000008ca00000| Untracked 
|  41|0x000000008cb00000, 0x000000008cb00000, 0x000000008cc00000|  0%| F|  |TAMS 0x000000008cb00000, 0x000000008cb00000| Untracked 
|  42|0x000000008cc00000, 0x000000008cc00000, 0x000000008cd00000|  0%| F|  |TAMS 0x000000008cc00000, 0x000000008cc00000| Untracked 
|  43|0x000000008cd00000, 0x000000008cd00000, 0x000000008ce00000|  0%| F|  |TAMS 0x000000008cd00000, 0x000000008cd00000| Untracked 
|  44|0x000000008ce00000, 0x000000008ce00000, 0x000000008cf00000|  0%| F|  |TAMS 0x000000008ce00000, 0x000000008ce00000| Untracked 
|  45|0x000000008cf00000, 0x000000008cf00000, 0x000000008d000000|  0%| F|  |TAMS 0x000000008cf00000, 0x000000008cf00000| Untracked 
|  46|0x000000008d000000, 0x000000008d000000, 0x000000008d100000|  0%| F|  |TAMS 0x000000008d000000, 0x000000008d000000| Untracked 
|  47|0x000000008d100000, 0x000000008d100000, 0x000000008d200000|  0%| F|  |TAMS 0x000000008d100000, 0x000000008d100000| Untracked 
|  48|0x000000008d200000, 0x000000008d200000, 0x000000008d300000|  0%| F|  |TAMS 0x000000008d200000, 0x000000008d200000| Untracked 
|  49|0x000000008d300000, 0x000000008d300000, 0x000000008d400000|  0%| F|  |TAMS 0x000000008d300000, 0x000000008d300000| Untracked 
|  50|0x000000008d400000, 0x000000008d400000, 0x000000008d500000|  0%| F|  |TAMS 0x000000008d400000, 0x000000008d400000| Untracked 
|  51|0x000000008d500000, 0x000000008d500000, 0x000000008d600000|  0%| F|  |TAMS 0x000000008d500000, 0x000000008d500000| Untracked 
|  52|0x000000008d600000, 0x000000008d600000, 0x000000008d700000|  0%| F|  |TAMS 0x000000008d600000, 0x000000008d600000| Untracked 
|  53|0x000000008d700000, 0x000000008d700000, 0x000000008d800000|  0%| F|  |TAMS 0x000000008d700000, 0x000000008d700000| Untracked 
|  54|0x000000008d800000, 0x000000008d800000, 0x000000008d900000|  0%| F|  |TAMS 0x000000008d800000, 0x000000008d800000| Untracked 
|  55|0x000000008d900000, 0x000000008d900000, 0x000000008da00000|  0%| F|  |TAMS 0x000000008d900000, 0x000000008d900000| Untracked 
|  56|0x000000008da00000, 0x000000008da00000, 0x000000008db00000|  0%| F|  |TAMS 0x000000008da00000, 0x000000008da00000| Untracked 
|  57|0x000000008db00000, 0x000000008db00000, 0x000000008dc00000|  0%| F|  |TAMS 0x000000008db00000, 0x000000008db00000| Untracked 
|  58|0x000000008dc00000, 0x000000008dc00000, 0x000000008dd00000|  0%| F|  |TAMS 0x000000008dc00000, 0x000000008dc00000| Untracked 
|  59|0x000000008dd00000, 0x000000008dd00000, 0x000000008de00000|  0%| F|  |TAMS 0x000000008dd00000, 0x000000008dd00000| Untracked 
|  60|0x000000008de00000, 0x000000008de00000, 0x000000008df00000|  0%| F|  |TAMS 0x000000008de00000, 0x000000008de00000| Untracked 
|  61|0x000000008df00000, 0x000000008df00000, 0x000000008e000000|  0%| F|  |TAMS 0x000000008df00000, 0x000000008df00000| Untracked 
|  62|0x000000008e000000, 0x000000008e000000, 0x000000008e100000|  0%| F|  |TAMS 0x000000008e000000, 0x000000008e000000| Untracked 
|  63|0x000000008e100000, 0x000000008e100000, 0x000000008e200000|  0%| F|  |TAMS 0x000000008e100000, 0x000000008e100000| Untracked 
|  64|0x000000008e200000, 0x000000008e200000, 0x000000008e300000|  0%| F|  |TAMS 0x000000008e200000, 0x000000008e200000| Untracked 
|  65|0x000000008e300000, 0x000000008e400000, 0x000000008e400000|100%| S|CS|TAMS 0x000000008e300000, 0x000000008e300000| Complete 
|  66|0x000000008e400000, 0x000000008e500000, 0x000000008e500000|100%| S|CS|TAMS 0x000000008e400000, 0x000000008e400000| Complete 
|  67|0x000000008e500000, 0x000000008e500000, 0x000000008e600000|  0%| F|  |TAMS 0x000000008e500000, 0x000000008e500000| Untracked 
|  68|0x000000008e600000, 0x000000008e600000, 0x000000008e700000|  0%| F|  |TAMS 0x000000008e600000, 0x000000008e600000| Untracked 
|  69|0x000000008e700000, 0x000000008e700000, 0x000000008e800000|  0%| F|  |TAMS 0x000000008e700000, 0x000000008e700000| Untracked 
|  70|0x000000008e800000, 0x000000008e800000, 0x000000008e900000|  0%| F|  |TAMS 0x000000008e800000, 0x000000008e800000| Untracked 
|  71|0x000000008e900000, 0x000000008e900000, 0x000000008ea00000|  0%| F|  |TAMS 0x000000008e900000, 0x000000008e900000| Untracked 
|  72|0x000000008ea00000, 0x000000008ea00000, 0x000000008eb00000|  0%| F|  |TAMS 0x000000008ea00000, 0x000000008ea00000| Untracked 
|  73|0x000000008eb00000, 0x000000008eb00000, 0x000000008ec00000|  0%| F|  |TAMS 0x000000008eb00000, 0x000000008eb00000| Untracked 
|  74|0x000000008ec00000, 0x000000008ec00000, 0x000000008ed00000|  0%| F|  |TAMS 0x000000008ec00000, 0x000000008ec00000| Untracked 
|  75|0x000000008ed00000, 0x000000008ed00000, 0x000000008ee00000|  0%| F|  |TAMS 0x000000008ed00000, 0x000000008ed00000| Untracked 
|  76|0x000000008ee00000, 0x000000008ee00000, 0x000000008ef00000|  0%| F|  |TAMS 0x000000008ee00000, 0x000000008ee00000| Untracked 
|  77|0x000000008ef00000, 0x000000008ef00000, 0x000000008f000000|  0%| F|  |TAMS 0x000000008ef00000, 0x000000008ef00000| Untracked 
|  78|0x000000008f000000, 0x000000008f000000, 0x000000008f100000|  0%| F|  |TAMS 0x000000008f000000, 0x000000008f000000| Untracked 
|  79|0x000000008f100000, 0x000000008f100000, 0x000000008f200000|  0%| F|  |TAMS 0x000000008f100000, 0x000000008f100000| Untracked 
|  80|0x000000008f200000, 0x000000008f200000, 0x000000008f300000|  0%| F|  |TAMS 0x000000008f200000, 0x000000008f200000| Untracked 
|  81|0x000000008f300000, 0x000000008f300000, 0x000000008f400000|  0%| F|  |TAMS 0x000000008f300000, 0x000000008f300000| Untracked 
|  82|0x000000008f400000, 0x000000008f400000, 0x000000008f500000|  0%| F|  |TAMS 0x000000008f400000, 0x000000008f400000| Untracked 
|  83|0x000000008f500000, 0x000000008f500000, 0x000000008f600000|  0%| F|  |TAMS 0x000000008f500000, 0x000000008f500000| Untracked 
|  84|0x000000008f600000, 0x000000008f600000, 0x000000008f700000|  0%| F|  |TAMS 0x000000008f600000, 0x000000008f600000| Untracked 
|  85|0x000000008f700000, 0x000000008f700000, 0x000000008f800000|  0%| F|  |TAMS 0x000000008f700000, 0x000000008f700000| Untracked 
|  86|0x000000008f800000, 0x000000008f800000, 0x000000008f900000|  0%| F|  |TAMS 0x000000008f800000, 0x000000008f800000| Untracked 
|  87|0x000000008f900000, 0x000000008f900000, 0x000000008fa00000|  0%| F|  |TAMS 0x000000008f900000, 0x000000008f900000| Untracked 
|  88|0x000000008fa00000, 0x000000008fa00000, 0x000000008fb00000|  0%| F|  |TAMS 0x000000008fa00000, 0x000000008fa00000| Untracked 
|  89|0x000000008fb00000, 0x000000008fb00000, 0x000000008fc00000|  0%| F|  |TAMS 0x000000008fb00000, 0x000000008fb00000| Untracked 
| 117|0x0000000091700000, 0x0000000091700000, 0x0000000091800000|  0%| F|  |TAMS 0x0000000091700000, 0x0000000091700000| Untracked 

Card table byte_map: [0x0000025075b10000,0x0000025075ec0000] _byte_map_base: 0x00000250756bf000

Marking Bits (Prev, Next): (CMBitMap*) 0x00000250631d3650, (CMBitMap*) 0x00000250631d3610
 Prev Bits: [0x0000025077ff0000, 0x0000025079d68000)
 Next Bits: [0x0000025076270000, 0x0000025077fe8000)

Polling page: 0x00000250610e0000

Metaspace:

Usage:
  Non-class:     26.03 MB used.
      Class:      3.77 MB used.
       Both:     29.81 MB used.

Virtual space:
  Non-class space:       64.00 MB reserved,      26.12 MB ( 41%) committed,  1 nodes.
      Class space:        1.00 GB reserved,       3.88 MB ( <1%) committed,  1 nodes.
             Both:        1.06 GB reserved,      30.00 MB (  3%) committed. 

Chunk freelists:
   Non-Class:  5.56 MB
       Class:  12.11 MB
        Both:  17.67 MB

MaxMetaspaceSize: unlimited
CompressedClassSpaceSize: 1.00 GB
Initial GC threshold: 21.00 MB
Current GC threshold: 50.00 MB
CDS: off
MetaspaceReclaimPolicy: balanced
 - commit_granule_bytes: 65536.
 - commit_granule_words: 8192.
 - virtual_space_node_default_size: 8388608.
 - enlarge_chunks_in_place: 1.
 - new_chunks_are_fully_committed: 0.
 - uncommit_free_chunks: 1.
 - use_allocation_guard: 0.
 - handle_deallocations: 1.


Internal statistics:

num_allocs_failed_limit: 3.
num_arena_births: 120.
num_arena_deaths: 0.
num_vsnodes_births: 2.
num_vsnodes_deaths: 0.
num_space_committed: 478.
num_space_uncommitted: 0.
num_chunks_returned_to_freelist: 3.
num_chunks_taken_from_freelist: 902.
num_chunk_merges: 3.
num_chunk_splits: 720.
num_chunks_enlarged: 647.
num_inconsistent_stats: 0.

CodeHeap 'non-profiled nmethods': size=120000Kb used=795Kb max_used=795Kb free=119204Kb
 bounds [0x000002506e120000, 0x000002506e390000, 0x0000025075650000]
CodeHeap 'profiled nmethods': size=120000Kb used=3008Kb max_used=3008Kb free=116991Kb
 bounds [0x0000025066650000, 0x0000025066950000, 0x000002506db80000]
CodeHeap 'non-nmethods': size=5760Kb used=1214Kb max_used=1233Kb free=4545Kb
 bounds [0x000002506db80000, 0x000002506ddf0000, 0x000002506e120000]
 total_blobs=2313 nmethods=1798 adapters=427
 compilation: enabled
              stopped_count=0, restarted_count=0
 full_count=0

Compilation events (20 events):
Event: 1.796 Thread 0x000002507c789410 1803       3       org.jetbrains.kotlin.protobuf.UnmodifiableLazyStringList$2::next (5 bytes)
Event: 1.796 Thread 0x000002507c789410 nmethod 1803 0x000002506693ab10 code [0x000002506693acc0, 0x000002506693afe8]
Event: 1.796 Thread 0x000002507c789410 1804       3       org.jetbrains.kotlin.protobuf.UnmodifiableLazyStringList$2::next (13 bytes)
Event: 1.796 Thread 0x000002507c789410 nmethod 1804 0x000002506693b110 code [0x000002506693b2c0, 0x000002506693b568]
Event: 1.796 Thread 0x000002507c789410 1805       3       org.jetbrains.kotlin.metadata.jvm.deserialization.ModuleMapping$Companion::loadMultiFileFacadeInternalName (84 bytes)
Event: 1.797 Thread 0x000002507c789410 nmethod 1805 0x000002506693b690 code [0x000002506693bb20, 0x000002506693dbb8]
Event: 1.797 Thread 0x000002507c789410 1806       3       org.jetbrains.kotlin.metadata.jvm.deserialization.PackageParts::addPart (22 bytes)
Event: 1.798 Thread 0x000002507c789410 nmethod 1806 0x000002506693e610 code [0x000002506693e820, 0x000002506693ee88]
Event: 1.798 Thread 0x000002507c789410 1800       3       org.jetbrains.kotlin.protobuf.GeneratedMessageLite$Builder::setUnknownFields (7 bytes)
Event: 1.798 Thread 0x000002507c789410 nmethod 1800 0x000002506693f110 code [0x000002506693f2a0, 0x000002506693f3f8]
Event: 1.798 Thread 0x000002507c789410 1807       1       org.jetbrains.kotlin.com.intellij.util.containers.hash.LinkedHashMap$Entry::access$300 (5 bytes)
Event: 1.798 Thread 0x000002507c789410 nmethod 1807 0x000002506e1e6690 code [0x000002506e1e6820, 0x000002506e1e68d8]
Event: 1.799 Thread 0x000002507c789410 1808       3       java.util.AbstractList::iterator (9 bytes)
Event: 1.799 Thread 0x000002507c789410 nmethod 1808 0x000002506693f490 code [0x000002506693f640, 0x000002506693f8d8]
Event: 1.799 Thread 0x000002507c789410 1809       3       java.util.AbstractList$Itr::<init> (31 bytes)
Event: 1.799 Thread 0x000002507c789410 nmethod 1809 0x000002506693fa10 code [0x000002506693fba0, 0x000002506693fd78]
Event: 1.800 Thread 0x000002507c789410 1811       1       org.jetbrains.kotlin.metadata.deserialization.BinaryVersion::getMinor (5 bytes)
Event: 1.800 Thread 0x000002507c789410 nmethod 1811 0x000002506e1e6990 code [0x000002506e1e6b20, 0x000002506e1e6bf8]
Event: 1.801 Thread 0x000002507c789410 1812       3       java.util.ArrayList::toArray (12 bytes)
Event: 1.801 Thread 0x000002507c789410 nmethod 1812 0x000002506693fe90 code [0x0000025066940040, 0x0000025066940208]

GC Heap History (19 events):
Event: 0.545 GC heap before
{Heap before GC invocations=0 (full 0):
 garbage-first heap   total 120832K, used 25600K [0x000000008a200000, 0x0000000100000000)
  region size 1024K, 21 young (21504K), 0 survivors (0K)
 Metaspace       used 13966K, committed 14080K, reserved 1114112K
  class space    used 1381K, committed 1408K, reserved 1048576K
}
Event: 0.549 GC heap after
{Heap after GC invocations=1 (full 0):
 garbage-first heap   total 120832K, used 6912K [0x000000008a200000, 0x0000000100000000)
  region size 1024K, 3 young (3072K), 3 survivors (3072K)
 Metaspace       used 13966K, committed 14080K, reserved 1114112K
  class space    used 1381K, committed 1408K, reserved 1048576K
}
Event: 0.911 GC heap before
{Heap before GC invocations=1 (full 0):
 garbage-first heap   total 120832K, used 31488K [0x000000008a200000, 0x0000000100000000)
  region size 1024K, 28 young (28672K), 3 survivors (3072K)
 Metaspace       used 21329K, committed 21504K, reserved 1114112K
  class space    used 2302K, committed 2368K, reserved 1048576K
}
Event: 0.915 GC heap after
{Heap after GC invocations=2 (full 0):
 garbage-first heap   total 120832K, used 8201K [0x000000008a200000, 0x0000000100000000)
  region size 1024K, 2 young (2048K), 2 survivors (2048K)
 Metaspace       used 21329K, committed 21504K, reserved 1114112K
  class space    used 2302K, committed 2368K, reserved 1048576K
}
Event: 1.132 GC heap before
{Heap before GC invocations=3 (full 0):
 garbage-first heap   total 34816K, used 28681K [0x000000008a200000, 0x0000000100000000)
  region size 1024K, 16 young (16384K), 2 survivors (2048K)
 Metaspace       used 24888K, committed 25152K, reserved 1114112K
  class space    used 3041K, committed 3136K, reserved 1048576K
}
Event: 1.136 GC heap after
{Heap after GC invocations=4 (full 0):
 garbage-first heap   total 34816K, used 17719K [0x000000008a200000, 0x0000000100000000)
  region size 1024K, 4 young (4096K), 4 survivors (4096K)
 Metaspace       used 24888K, committed 25152K, reserved 1114112K
  class space    used 3041K, committed 3136K, reserved 1048576K
}
Event: 1.142 GC heap before
{Heap before GC invocations=4 (full 0):
 garbage-first heap   total 34816K, used 18743K [0x000000008a200000, 0x0000000100000000)
  region size 1024K, 5 young (5120K), 4 survivors (4096K)
 Metaspace       used 24889K, committed 25152K, reserved 1114112K
  class space    used 3041K, committed 3136K, reserved 1048576K
}
Event: 1.146 GC heap after
{Heap after GC invocations=5 (full 0):
 garbage-first heap   total 34816K, used 17895K [0x000000008a200000, 0x0000000100000000)
  region size 1024K, 1 young (1024K), 1 survivors (1024K)
 Metaspace       used 24889K, committed 25152K, reserved 1114112K
  class space    used 3041K, committed 3136K, reserved 1048576K
}
Event: 1.171 GC heap before
{Heap before GC invocations=5 (full 0):
 garbage-first heap   total 34816K, used 26087K [0x000000008a200000, 0x0000000100000000)
  region size 1024K, 9 young (9216K), 1 survivors (1024K)
 Metaspace       used 24889K, committed 25152K, reserved 1114112K
  class space    used 3041K, committed 3136K, reserved 1048576K
}
Event: 1.175 GC heap after
{Heap after GC invocations=6 (full 0):
 garbage-first heap   total 34816K, used 19999K [0x000000008a200000, 0x0000000100000000)
  region size 1024K, 2 young (2048K), 2 survivors (2048K)
 Metaspace       used 24889K, committed 25152K, reserved 1114112K
  class space    used 3041K, committed 3136K, reserved 1048576K
}
Event: 1.195 GC heap before
{Heap before GC invocations=7 (full 0):
 garbage-first heap   total 35840K, used 26143K [0x000000008a200000, 0x0000000100000000)
  region size 1024K, 8 young (8192K), 2 survivors (2048K)
 Metaspace       used 24889K, committed 25152K, reserved 1114112K
  class space    used 3041K, committed 3136K, reserved 1048576K
}
Event: 1.200 GC heap after
{Heap after GC invocations=8 (full 0):
 garbage-first heap   total 71680K, used 21504K [0x000000008a200000, 0x0000000100000000)
  region size 1024K, 1 young (1024K), 1 survivors (1024K)
 Metaspace       used 24889K, committed 25152K, reserved 1114112K
  class space    used 3041K, committed 3136K, reserved 1048576K
}
Event: 1.351 GC heap before
{Heap before GC invocations=8 (full 0):
 garbage-first heap   total 71680K, used 51200K [0x000000008a200000, 0x0000000100000000)
  region size 1024K, 28 young (28672K), 1 survivors (1024K)
 Metaspace       used 25018K, committed 25280K, reserved 1114112K
  class space    used 3046K, committed 3136K, reserved 1048576K
}
Event: 1.370 GC heap after
{Heap after GC invocations=9 (full 0):
 garbage-first heap   total 71680K, used 28477K [0x000000008a200000, 0x0000000100000000)
  region size 1024K, 4 young (4096K), 4 survivors (4096K)
 Metaspace       used 25018K, committed 25280K, reserved 1114112K
  class space    used 3046K, committed 3136K, reserved 1048576K
}
Event: 1.610 GC heap before
{Heap before GC invocations=9 (full 0):
 garbage-first heap   total 71680K, used 48957K [0x000000008a200000, 0x0000000100000000)
  region size 1024K, 24 young (24576K), 4 survivors (4096K)
 Metaspace       used 27913K, committed 28096K, reserved 1114112K
  class space    used 3584K, committed 3648K, reserved 1048576K
}
Event: 1.618 GC heap after
{Heap after GC invocations=10 (full 0):
 garbage-first heap   total 71680K, used 27799K [0x000000008a200000, 0x0000000100000000)
  region size 1024K, 3 young (3072K), 3 survivors (3072K)
 Metaspace       used 27913K, committed 28096K, reserved 1114112K
  class space    used 3584K, committed 3648K, reserved 1048576K
}
Event: 1.760 GC heap before
{Heap before GC invocations=10 (full 0):
 garbage-first heap   total 71680K, used 43159K [0x000000008a200000, 0x0000000100000000)
  region size 1024K, 13 young (13312K), 3 survivors (3072K)
 Metaspace       used 30384K, committed 30656K, reserved 1114112K
  class space    used 3854K, committed 3968K, reserved 1048576K
}
Event: 1.766 GC heap after
{Heap after GC invocations=11 (full 0):
 garbage-first heap   total 71680K, used 35712K [0x000000008a200000, 0x0000000100000000)
  region size 1024K, 2 young (2048K), 2 survivors (2048K)
 Metaspace       used 30384K, committed 30656K, reserved 1114112K
  class space    used 3854K, committed 3968K, reserved 1048576K
}
Event: 1.803 GC heap before
{Heap before GC invocations=12 (full 0):
 garbage-first heap   total 71680K, used 38784K [0x000000008a200000, 0x0000000100000000)
  region size 1024K, 5 young (5120K), 2 survivors (2048K)
 Metaspace       used 30524K, committed 30720K, reserved 1114112K
  class space    used 3865K, committed 3968K, reserved 1048576K
}

Dll operation events (2 events):
Event: 0.009 Loaded shared library C:\Program Files\Android\Android Studio\jbr\bin\java.dll
Event: 0.807 Loaded shared library C:\Program Files\Android\Android Studio\jbr\bin\verify.dll

Deoptimization events (20 events):
Event: 1.781 Thread 0x000002506317b9b0 Uncommon trap: trap_request=0xffffffde fr.pc=0x000002506e1afdf4 relative=0x00000000000000d4
Event: 1.781 Thread 0x000002506317b9b0 Uncommon trap: reason=class_check action=maybe_recompile pc=0x000002506e1afdf4 method=java.util.AbstractList$Itr.next()Ljava/lang/Object; @ 14 c2
Event: 1.781 Thread 0x000002506317b9b0 DEOPT PACKING pc=0x000002506e1afdf4 sp=0x00000095b4dfe1c0
Event: 1.781 Thread 0x000002506317b9b0 DEOPT UNPACKING pc=0x000002506dbd69a3 sp=0x00000095b4dfe158 mode 2
Event: 1.781 Thread 0x000002506317b9b0 Uncommon trap: trap_request=0xffffffde fr.pc=0x000002506e1afa74 relative=0x0000000000000074
Event: 1.781 Thread 0x000002506317b9b0 Uncommon trap: reason=class_check action=maybe_recompile pc=0x000002506e1afa74 method=java.util.AbstractList$Itr.hasNext()Z @ 8 c2
Event: 1.781 Thread 0x000002506317b9b0 DEOPT PACKING pc=0x000002506e1afa74 sp=0x00000095b4dfe230
Event: 1.781 Thread 0x000002506317b9b0 DEOPT UNPACKING pc=0x000002506dbd69a3 sp=0x00000095b4dfe1c8 mode 2
Event: 1.781 Thread 0x000002506317b9b0 Uncommon trap: trap_request=0xffffffde fr.pc=0x000002506e1afdf4 relative=0x00000000000000d4
Event: 1.781 Thread 0x000002506317b9b0 Uncommon trap: reason=class_check action=maybe_recompile pc=0x000002506e1afdf4 method=java.util.AbstractList$Itr.next()Ljava/lang/Object; @ 14 c2
Event: 1.781 Thread 0x000002506317b9b0 DEOPT PACKING pc=0x000002506e1afdf4 sp=0x00000095b4dfe1c0
Event: 1.781 Thread 0x000002506317b9b0 DEOPT UNPACKING pc=0x000002506dbd69a3 sp=0x00000095b4dfe158 mode 2
Event: 1.781 Thread 0x000002506317b9b0 Uncommon trap: trap_request=0xffffffde fr.pc=0x000002506e1afa74 relative=0x0000000000000074
Event: 1.781 Thread 0x000002506317b9b0 Uncommon trap: reason=class_check action=maybe_recompile pc=0x000002506e1afa74 method=java.util.AbstractList$Itr.hasNext()Z @ 8 c2
Event: 1.781 Thread 0x000002506317b9b0 DEOPT PACKING pc=0x000002506e1afa74 sp=0x00000095b4dfe230
Event: 1.781 Thread 0x000002506317b9b0 DEOPT UNPACKING pc=0x000002506dbd69a3 sp=0x00000095b4dfe1c8 mode 2
Event: 1.781 Thread 0x000002506317b9b0 Uncommon trap: trap_request=0xffffffde fr.pc=0x000002506e1afdf4 relative=0x00000000000000d4
Event: 1.781 Thread 0x000002506317b9b0 Uncommon trap: reason=class_check action=maybe_recompile pc=0x000002506e1afdf4 method=java.util.AbstractList$Itr.next()Ljava/lang/Object; @ 14 c2
Event: 1.781 Thread 0x000002506317b9b0 DEOPT PACKING pc=0x000002506e1afdf4 sp=0x00000095b4dfe1c0
Event: 1.781 Thread 0x000002506317b9b0 DEOPT UNPACKING pc=0x000002506dbd69a3 sp=0x00000095b4dfe158 mode 2

Classes unloaded (0 events):
No events

Classes redefined (0 events):
No events

Internal exceptions (20 events):
Event: 0.639 Thread 0x000002506317b9b0 Exception <a 'java/lang/NoSuchMethodError'{0x0000000091047df8}: 'int java.lang.invoke.DirectMethodHandle$Holder.invokeSpecial(java.lang.Object, java.lang.Object, java.lang.Object, java.lang.Object)'> (0x0000000091047df8) 
thrown [s\src\hotspot\share\interpreter\linkResolver.cpp, line 771]
Event: 0.639 Thread 0x000002506317b9b0 Exception <a 'java/lang/NoSuchMethodError'{0x000000009104b460}: 'int java.lang.invoke.Invokers$Holder.invoke_MT(java.lang.Object, java.lang.Object, java.lang.Object, java.lang.Object)'> (0x000000009104b460) 
thrown [s\src\hotspot\share\interpreter\linkResolver.cpp, line 771]
Event: 0.640 Thread 0x000002506317b9b0 Exception <a 'java/lang/NoSuchMethodError'{0x000000009105a9e8}: 'void java.lang.invoke.DelegatingMethodHandle$Holder.reinvoke_L(java.lang.Object, java.lang.Object, java.lang.Object, long, java.lang.Object)'> (0x000000009105a9e8) 
thrown [s\src\hotspot\share\interpreter\linkResolver.cpp, line 771]
Event: 0.641 Thread 0x000002506317b9b0 Exception <a 'java/lang/NoSuchMethodError'{0x0000000091062620}: 'java.lang.Object java.lang.invoke.DirectMethodHandle$Holder.invokeSpecial(java.lang.Object, java.lang.Object, java.lang.Object, java.lang.Object, long)'> (0x0000000091062620) 
thrown [s\src\hotspot\share\interpreter\linkResolver.cpp, line 771]
Event: 0.642 Thread 0x000002506317b9b0 Exception <a 'java/lang/NoSuchMethodError'{0x00000000910719e0}: 'int java.lang.invoke.DelegatingMethodHandle$Holder.reinvoke_L(java.lang.Object, java.lang.Object, java.lang.Object, long, java.lang.Object, java.lang.Object)'> (0x00000000910719e0) 
thrown [s\src\hotspot\share\interpreter\linkResolver.cpp, line 771]
Event: 0.643 Thread 0x000002506317b9b0 Exception <a 'java/lang/NoSuchMethodError'{0x0000000091080570}: 'int java.lang.invoke.DelegatingMethodHandle$Holder.reinvoke_L(java.lang.Object, java.lang.Object, java.lang.Object, long, int, int)'> (0x0000000091080570) 
thrown [s\src\hotspot\share\interpreter\linkResolver.cpp, line 771]
Event: 0.645 Thread 0x000002506317b9b0 Exception <a 'java/lang/NoSuchMethodError'{0x000000009108f0e8}: 'int java.lang.invoke.DelegatingMethodHandle$Holder.reinvoke_L(java.lang.Object, java.lang.Object, java.lang.Object, long, long, long)'> (0x000000009108f0e8) 
thrown [s\src\hotspot\share\interpreter\linkResolver.cpp, line 771]
Event: 0.646 Thread 0x000002506317b9b0 Exception <a 'java/lang/NoSuchMethodError'{0x000000009109d828}: 'int java.lang.invoke.DelegatingMethodHandle$Holder.reinvoke_L(java.lang.Object, java.lang.Object, java.lang.Object, long, int)'> (0x000000009109d828) 
thrown [s\src\hotspot\share\interpreter\linkResolver.cpp, line 771]
Event: 0.658 Thread 0x000002506317b9b0 Exception <a 'java/lang/NoSuchMethodError'{0x0000000090f448a0}: 'int java.lang.invoke.DirectMethodHandle$Holder.invokeStaticInit(java.lang.Object, java.lang.Object, java.lang.Object)'> (0x0000000090f448a0) 
thrown [s\src\hotspot\share\interpreter\linkResolver.cpp, line 771]
Event: 0.662 Thread 0x000002506317b9b0 Exception <a 'java/lang/NoSuchMethodError'{0x0000000090f6d7e8}: 'int java.lang.invoke.DirectMethodHandle$Holder.invokeStaticInit(java.lang.Object, java.lang.Object)'> (0x0000000090f6d7e8) 
thrown [s\src\hotspot\share\interpreter\linkResolver.cpp, line 771]
Event: 0.676 Thread 0x000002506317b9b0 Exception <a 'java/lang/NoSuchMethodError'{0x0000000090e4d028}: 'void java.lang.invoke.DirectMethodHandle$Holder.invokeSpecial(java.lang.Object, java.lang.Object, java.lang.Object)'> (0x0000000090e4d028) 
thrown [s\src\hotspot\share\interpreter\linkResolver.cpp, line 771]
Event: 0.728 Thread 0x000002506317b9b0 Exception <a 'java/lang/NoSuchMethodError'{0x0000000090b68380}: 'void java.lang.invoke.DirectMethodHandle$Holder.invokeStatic(java.lang.Object, java.lang.Object, java.lang.Object, java.lang.Object)'> (0x0000000090b68380) 
thrown [s\src\hotspot\share\interpreter\linkResolver.cpp, line 771]
Event: 0.779 Thread 0x000002506317b9b0 Exception <a 'java/lang/NoSuchMethodError'{0x000000009072ce20}: 'void java.lang.invoke.DirectMethodHandle$Holder.invokeStaticInit(java.lang.Object, java.lang.Object)'> (0x000000009072ce20) 
thrown [s\src\hotspot\share\interpreter\linkResolver.cpp, line 771]
Event: 0.887 Thread 0x000002506317b9b0 Exception <a 'java/lang/NoSuchMethodError'{0x000000008fea98f8}: 'void java.lang.invoke.DirectMethodHandle$Holder.invokeVirtual(java.lang.Object, java.lang.Object)'> (0x000000008fea98f8) 
thrown [s\src\hotspot\share\interpreter\linkResolver.cpp, line 771]
Event: 0.935 Thread 0x000002506317b9b0 Exception <a 'java/lang/NoSuchMethodError'{0x000000008c02ebb8}: 'int java.lang.invoke.DirectMethodHandle$Holder.invokeVirtual(java.lang.Object, java.lang.Object)'> (0x000000008c02ebb8) 
thrown [s\src\hotspot\share\interpreter\linkResolver.cpp, line 771]
Event: 0.949 Thread 0x000002506317b9b0 Exception <a 'java/lang/NoSuchMethodError'{0x000000008c0e9978}: 'java.lang.Object java.lang.invoke.Invokers$Holder.invokeExact_MT(java.lang.Object, java.lang.Object, java.lang.Object, java.lang.Object, java.lang.Object, java.lang.Object)'> (0x000000008c0e9978) 
thrown [s\src\hotspot\share\interpreter\linkResolver.cpp, line 771]
Event: 1.064 Thread 0x000002506317b9b0 Exception <a 'java/lang/NoSuchMethodError'{0x000000008ba4d698}: 'java.lang.Object java.lang.invoke.Invokers$Holder.invoke_MT(java.lang.Object, java.lang.Object, java.lang.Object)'> (0x000000008ba4d698) 
thrown [s\src\hotspot\share\interpreter\linkResolver.cpp, line 771]
Event: 1.602 Thread 0x000002506317b9b0 Implicit null exception at 0x000002506e1438f2 to 0x000002506e143ebc
Event: 1.709 Thread 0x000002506317b9b0 Implicit null exception at 0x000002506e14ab72 to 0x000002506e14b14c
Event: 1.748 Thread 0x000002506317b9b0 Exception <a 'java/lang/NoSuchMethodError'{0x000000008de2d510}: 'java.lang.Object java.lang.invoke.DirectMethodHandle$Holder.invokeVirtual(java.lang.Object, java.lang.Object, java.lang.Object)'> (0x000000008de2d510) 
thrown [s\src\hotspot\share\interpreter\linkResolver.cpp, line 771]

VM Operations (20 events):
Event: 1.200 Executing VM operation: G1CollectForAllocation done
Event: 1.351 Executing VM operation: G1CollectForAllocation
Event: 1.370 Executing VM operation: G1CollectForAllocation done
Event: 1.445 Executing VM operation: HandshakeAllThreads
Event: 1.445 Executing VM operation: HandshakeAllThreads done
Event: 1.578 Executing VM operation: HandshakeAllThreads
Event: 1.578 Executing VM operation: HandshakeAllThreads done
Event: 1.578 Executing VM operation: HandshakeAllThreads
Event: 1.578 Executing VM operation: HandshakeAllThreads done
Event: 1.610 Executing VM operation: G1CollectForAllocation
Event: 1.618 Executing VM operation: G1CollectForAllocation done
Event: 1.712 Executing VM operation: HandshakeAllThreads
Event: 1.712 Executing VM operation: HandshakeAllThreads done
Event: 1.760 Executing VM operation: G1TryInitiateConcMark
Event: 1.766 Executing VM operation: G1TryInitiateConcMark done
Event: 1.778 Executing VM operation: G1PauseRemark
Event: 1.779 Executing VM operation: G1PauseRemark done
Event: 1.785 Executing VM operation: G1PauseCleanup
Event: 1.785 Executing VM operation: G1PauseCleanup done
Event: 1.803 Executing VM operation: G1TryInitiateConcMark

Events (20 events):
Event: 1.629 loading class java/util/Formatter$Conversion
Event: 1.629 loading class java/util/Formatter$Conversion done
Event: 1.629 loading class java/util/Formatter$FormatSpecifier
Event: 1.629 loading class java/util/Formatter$FormatSpecifier done
Event: 1.630 loading class java/util/Formatter$Flags
Event: 1.630 loading class java/util/Formatter$Flags done
Event: 1.630 loading class java/util/Formattable
Event: 1.630 loading class java/util/Formattable done
Event: 1.664 loading class java/lang/Long$LongCache
Event: 1.664 loading class java/lang/Long$LongCache done
Event: 1.711 loading class java/util/LinkedList
Event: 1.711 loading class java/util/AbstractSequentialList
Event: 1.711 loading class java/util/AbstractSequentialList done
Event: 1.711 loading class java/util/LinkedList done
Event: 1.712 loading class java/util/LinkedList$Node
Event: 1.712 loading class java/util/LinkedList$Node done
Event: 1.713 loading class java/util/LinkedList$ListItr
Event: 1.713 loading class java/util/LinkedList$ListItr done
Event: 1.752 loading class java/io/EOFException
Event: 1.752 loading class java/io/EOFException done


Dynamic libraries:
0x00007ff706800000 - 0x00007ff70680a000 	C:\Program Files\Android\Android Studio\jbr\bin\java.exe
0x00007ffcdc800000 - 0x00007ffcdca65000 	C:\WINDOWS\SYSTEM32\ntdll.dll
0x00007ffcdc460000 - 0x00007ffcdc529000 	C:\WINDOWS\System32\KERNEL32.DLL
0x00007ffcd99f0000 - 0x00007ffcd9dd8000 	C:\WINDOWS\System32\KERNELBASE.dll
0x00007ffcd9de0000 - 0x00007ffcd9f2b000 	C:\WINDOWS\System32\ucrtbase.dll
0x00007ffca49d0000 - 0x00007ffca49e7000 	C:\Program Files\Android\Android Studio\jbr\bin\jli.dll
0x00007ffc92f00000 - 0x00007ffc92f1b000 	C:\Program Files\Android\Android Studio\jbr\bin\VCRUNTIME140.dll
0x00007ffcdb320000 - 0x00007ffcdb4ea000 	C:\WINDOWS\System32\USER32.dll
0x00007ffcda270000 - 0x00007ffcda297000 	C:\WINDOWS\System32\win32u.dll
0x00007ffcc59b0000 - 0x00007ffcc5c4a000 	C:\WINDOWS\WinSxS\amd64_microsoft.windows.common-controls_6595b64144ccf1df_6.0.26100.4202_none_3e0698d4e335f517\COMCTL32.dll
0x00007ffcdb070000 - 0x00007ffcdb09b000 	C:\WINDOWS\System32\GDI32.dll
0x00007ffcda610000 - 0x00007ffcda6b9000 	C:\WINDOWS\System32\msvcrt.dll
0x00007ffcda130000 - 0x00007ffcda267000 	C:\WINDOWS\System32\gdi32full.dll
0x00007ffcd9fc0000 - 0x00007ffcda063000 	C:\WINDOWS\System32\msvcp_win.dll
0x00007ffcdc680000 - 0x00007ffcdc6b0000 	C:\WINDOWS\System32\IMM32.DLL
0x00007ffcc8fe0000 - 0x00007ffcc8fec000 	C:\Program Files\Android\Android Studio\jbr\bin\vcruntime140_1.dll
0x00007ffc53230000 - 0x00007ffc532bd000 	C:\Program Files\Android\Android Studio\jbr\bin\msvcp140.dll
0x00007ffc53720000 - 0x00007ffc543a3000 	C:\Program Files\Android\Android Studio\jbr\bin\server\jvm.dll
0x00007ffcdb5a0000 - 0x00007ffcdb653000 	C:\WINDOWS\System32\ADVAPI32.dll
0x00007ffcdb4f0000 - 0x00007ffcdb596000 	C:\WINDOWS\System32\sechost.dll
0x00007ffcdba80000 - 0x00007ffcdbb95000 	C:\WINDOWS\System32\RPCRT4.dll
0x00007ffcd7090000 - 0x00007ffcd70c5000 	C:\WINDOWS\SYSTEM32\WINMM.dll
0x00007ffcd97a0000 - 0x00007ffcd97fe000 	C:\WINDOWS\SYSTEM32\POWRPROF.dll
0x00007ffcd31c0000 - 0x00007ffcd31cb000 	C:\WINDOWS\SYSTEM32\VERSION.dll
0x00007ffccc6a0000 - 0x00007ffccc6aa000 	C:\WINDOWS\SYSTEM32\WSOCK32.dll
0x00007ffcdaff0000 - 0x00007ffcdb064000 	C:\WINDOWS\System32\WS2_32.dll
0x00007ffcd9780000 - 0x00007ffcd9794000 	C:\WINDOWS\SYSTEM32\UMPDC.dll
0x00007ffcd8710000 - 0x00007ffcd872b000 	C:\WINDOWS\SYSTEM32\kernel.appcore.dll
0x00007ffccbc50000 - 0x00007ffccbc5a000 	C:\Program Files\Android\Android Studio\jbr\bin\jimage.dll
0x00007ffcd6e10000 - 0x00007ffcd7051000 	C:\WINDOWS\SYSTEM32\DBGHELP.DLL
0x00007ffcdb660000 - 0x00007ffcdb9e5000 	C:\WINDOWS\System32\combase.dll
0x00007ffcdaa50000 - 0x00007ffcdab31000 	C:\WINDOWS\System32\OLEAUT32.dll
0x00007ffcd6dd0000 - 0x00007ffcd6e09000 	C:\WINDOWS\SYSTEM32\dbgcore.DLL
0x00007ffcd9950000 - 0x00007ffcd99e9000 	C:\WINDOWS\System32\bcryptPrimitives.dll
0x00007ffca5460000 - 0x00007ffca5485000 	C:\Program Files\Android\Android Studio\jbr\bin\java.dll
0x00007ffcb2080000 - 0x00007ffcb2098000 	C:\Program Files\Android\Android Studio\jbr\bin\zip.dll
0x00007ffcdbba0000 - 0x00007ffcdc2e2000 	C:\WINDOWS\System32\SHELL32.dll
0x00007ffcda420000 - 0x00007ffcda594000 	C:\WINDOWS\System32\wintypes.dll
0x00007ffcd75b0000 - 0x00007ffcd7e07000 	C:\WINDOWS\SYSTEM32\windows.storage.dll
0x00007ffcdc580000 - 0x00007ffcdc671000 	C:\WINDOWS\System32\SHCORE.dll
0x00007ffcdc6c0000 - 0x00007ffcdc72a000 	C:\WINDOWS\System32\shlwapi.dll
0x00007ffcd9860000 - 0x00007ffcd988f000 	C:\WINDOWS\SYSTEM32\profapi.dll
0x00007ffcb1ed0000 - 0x00007ffcb1ee9000 	C:\Program Files\Android\Android Studio\jbr\bin\net.dll
0x00007ffcd2350000 - 0x00007ffcd246e000 	C:\WINDOWS\SYSTEM32\WINHTTP.dll
0x00007ffcd8c80000 - 0x00007ffcd8cea000 	C:\WINDOWS\system32\mswsock.dll
0x00007ffcaee20000 - 0x00007ffcaee36000 	C:\Program Files\Android\Android Studio\jbr\bin\nio.dll
0x00007ffcb93b0000 - 0x00007ffcb93c0000 	C:\Program Files\Android\Android Studio\jbr\bin\verify.dll

dbghelp: loaded successfully - version: 4.0.5 - missing functions: none
symbol engine: initialized successfully - sym options: 0x614 - pdb path: .;C:\Program Files\Android\Android Studio\jbr\bin;C:\WINDOWS\SYSTEM32;C:\WINDOWS\WinSxS\amd64_microsoft.windows.common-controls_6595b64144ccf1df_6.0.26100.4202_none_3e0698d4e335f517;C:\Program Files\Android\Android Studio\jbr\bin\server

VM Arguments:
java_command: org.jetbrains.kotlin.cli.jvm.K2JVMCompiler @C:\Users\julia\flutter_windows_3.19.6-stable\flutter\packages\flutter_tools\gradle\build\20250601_12005722709502107825.compiler.options
java_class_path (initial): C:\Users\julia\.gradle\caches\modules-2\files-2.1\org.jetbrains.kotlin\kotlin-compiler-embeddable\1.9.24\78dab849090e6c5e2eadb6e59a11cdc28fb67a08\kotlin-compiler-embeddable-1.9.24.jar;C:\Users\julia\.gradle\caches\modules-2\files-2.1\org.jetbrains.kotlin\kotlin-stdlib\1.9.24\9928532f12c66ad816a625b3f9984f8368ca6d2b\kotlin-stdlib-1.9.24.jar;C:\Users\julia\.gradle\caches\modules-2\files-2.1\org.jetbrains.kotlin\kotlin-script-runtime\1.9.24\96771497da90fbc5af1c90fce148db2595a62502\kotlin-script-runtime-1.9.24.jar;C:\Users\julia\.gradle\caches\modules-2\files-2.1\org.jetbrains.kotlin\kotlin-reflect\1.6.10\1cbe9c92c12a94eea200d23c2bbaedaf3daf5132\kotlin-reflect-1.6.10.jar;C:\Users\julia\.gradle\caches\modules-2\files-2.1\org.jetbrains.kotlin\kotlin-daemon-embeddable\1.9.24\86685b9c5e8d170925bd9ddbdc263374a6a73281\kotlin-daemon-embeddable-1.9.24.jar;C:\Users\julia\.gradle\caches\modules-2\files-2.1\org.jetbrains.intellij.deps\trove4j\1.0.20200330\3afb14d5f9ceb459d724e907a21145e8ff394f02\trove4j-1.0.20200330.jar;C:\Users\julia\.gradle\caches\modules-2\files-2.1\org.jetbrains\annotations\13.0\919f0dfe192fb4e063e7dacadee7f8bb9a2672a9\annotations-13.0.jar
Launcher Type: SUN_STANDARD

[Global flags]
     intx CICompilerCount                          = 3                                         {product} {ergonomic}
     uint ConcGCThreads                            = 2                                         {product} {ergonomic}
     uint G1ConcRefinementThreads                  = 6                                         {product} {ergonomic}
   size_t G1HeapRegionSize                         = 1048576                                   {product} {ergonomic}
    uintx GCDrainStackTargetSize                   = 64                                        {product} {ergonomic}
   size_t InitialHeapSize                          = 123731968                                 {product} {ergonomic}
   size_t MarkStackSize                            = 4194304                                   {product} {ergonomic}
   size_t MaxHeapSize                              = 1977614336                                {product} {ergonomic}
   size_t MaxNewSize                               = 1185939456                                {product} {ergonomic}
   size_t MinHeapDeltaBytes                        = 1048576                                   {product} {ergonomic}
   size_t MinHeapSize                              = 8388608                                   {product} {ergonomic}
    uintx NonNMethodCodeHeapSize                   = 5832780                                {pd product} {ergonomic}
    uintx NonProfiledCodeHeapSize                  = 122912730                              {pd product} {ergonomic}
    uintx ProfiledCodeHeapSize                     = 122912730                              {pd product} {ergonomic}
    uintx ReservedCodeCacheSize                    = 251658240                              {pd product} {ergonomic}
     bool SegmentedCodeCache                       = true                                      {product} {ergonomic}
   size_t SoftMaxHeapSize                          = 1977614336                             {manageable} {ergonomic}
     bool UseCompressedClassPointers               = true                           {product lp64_product} {ergonomic}
     bool UseCompressedOops                        = true                           {product lp64_product} {ergonomic}
     bool UseG1GC                                  = true                                      {product} {ergonomic}
     bool UseLargePagesIndividualAllocation        = false                                  {pd product} {ergonomic}

Logging:
Log output configuration:
 #0: stdout all=warning uptime,level,tags
 #1: stderr all=off uptime,level,tags

Environment Variables:
JAVA_HOME=C:\Program Files\Android\Android Studio\jbr
CLASSPATH=C:\Users\julia\AndroidStudioProjects\gsoond_app\android\\gradle\wrapper\gradle-wrapper.jar
PATH=C:\Program Files\Android\Android Studio\jbr\bin;C:\Program Files\Common Files\Oracle\Java\javapath;C:\WINDOWS\system32;C:\WINDOWS;C:\WINDOWS\System32\Wbem;C:\WINDOWS\System32\WindowsPowerShell\v1.0\;C:\WINDOWS\System32\OpenSSH\;C:\Program Files\Git\cmd;C:\Program Files\Docker\Docker\resources\bin;C:\Program Files\nodejs\;C:\Users\julia\scoop\shims;C:\Users\julia\AppData\Local\Microsoft\WindowsApps;C:\Users\julia\AppData\Local\Programs\Microsoft VS Code\bin;C:\Users\julia\AppData\Local\atom\bin;C:\Users\julia\AppData\Local\Microsoft\WindowsApps;C:\Users\julia\AppData\Local\GitHubDesktop\bin;C:\Users\julia\AppData\Local\JetBrains\DataGrip 2023.2.2\bin;;C:\Program Files\JetBrains\IntelliJ IDEA 2023.2.4\bin;;C:\Users\julia\AppData\Local\Programs\MiKTeX\miktex\bin\x64\;C:\Users\julia\flutter_windows_3.19.6-stable\flutter\bin;C:\Users\julia\AppData\Roaming\npm;C:\Users\julia\flutter_windows_3.19.6-stable\flutter\bin\mingit\cmd
USERNAME=julia
OS=Windows_NT
PROCESSOR_IDENTIFIER=AMD64 Family 23 Model 96 Stepping 1, AuthenticAMD
TMP=C:\Users\julia\AppData\Local\Temp
TEMP=C:\Users\julia\AppData\Local\Temp



Periodic native trim disabled

JNI global refs:
JNI global refs: 7, weak refs: 2

JNI global refs memory usage: 843, weak refs: 841

OOME stack traces (most recent first):
Classloader memory used:
Loader jdk.internal.loader.ClassLoaders$AppClassLoader                                 : 2435K
Loader bootstrap                                                                       : 1266K
Loader java.net.URLClassLoader                                                         : 69241B
Loader jdk.internal.jrtfs.JrtFileSystemProvider$JrtFsLoader                            : 37379B
Loader jdk.internal.loader.ClassLoaders$PlatformClassLoader                            : 9113B
Loader jdk.internal.reflect.DelegatingClassLoader                                      : 432B

Classes loaded by more than one classloader:
Class jdk.internal.jimage.BasicImageReader$1                                          : loaded 2 times (x 75B)
Class jdk.internal.jimage.ImageBufferCache$1                                          : loaded 2 times (x 78B)
Class jdk.internal.jimage.ImageBufferCache$2                                          : loaded 2 times (x 89B)
Class jdk.internal.jimage.ImageReader$SharedImageReader                               : loaded 2 times (x 93B)
Class jdk.internal.jimage.decompressor.ZipDecompressorFactory                         : loaded 2 times (x 72B)
Class jdk.internal.jimage.ImageHeader                                                 : loaded 2 times (x 69B)
Class jdk.internal.jimage.decompressor.StringSharingDecompressorFactory               : loaded 2 times (x 72B)
Class jdk.internal.jimage.BasicImageReader                                            : loaded 2 times (x 93B)
Class jdk.internal.jimage.ImageLocation                                               : loaded 2 times (x 88B)
Class jdk.internal.jimage.ImageReader$Node                                            : loaded 2 times (x 82B)
Class jdk.internal.jimage.decompressor.CompressedResourceHeader                       : loaded 2 times (x 69B)
Class jdk.internal.jrtfs.JrtPath                                                      : loaded 2 times (x 116B)
Class jdk.internal.jimage.ImageStrings                                                : loaded 2 times (x 68B)
Class jdk.internal.jimage.decompressor.ResourceDecompressorRepository                 : loaded 2 times (x 69B)
Class jdk.internal.jimage.decompressor.ResourceDecompressor$StringsProvider           : loaded 2 times (x 68B)
Class jdk.internal.jimage.decompressor.Decompressor                                   : loaded 2 times (x 70B)
Class jdk.internal.jrtfs.JrtFileSystem                                                : loaded 2 times (x 100B)
Class jdk.internal.jrtfs.JrtFileSystemProvider                                        : loaded 2 times (x 97B)
Class jdk.internal.jimage.decompressor.ResourceDecompressor                           : loaded 2 times (x 68B)
Class jdk.internal.jimage.ImageStringsReader                                          : loaded 2 times (x 78B)
Class jdk.internal.jimage.decompressor.ResourceDecompressorFactory                    : loaded 2 times (x 72B)
Class jdk.internal.jimage.decompressor.ZipDecompressor                                : loaded 2 times (x 73B)
Class jdk.internal.jimage.ImageReader                                                 : loaded 2 times (x 73B)
Class jdk.internal.jimage.ImageBufferCache                                            : loaded 2 times (x 69B)
Class jdk.internal.jimage.ImageReader$Directory                                       : loaded 2 times (x 82B)


---------------  S Y S T E M  ---------------

OS:
 Windows 11 , 64 bit Build 26100 (10.0.26100.4202)
OS uptime: 2 days 20:07 hours
Hyper-V role detected

CPU: total 6 (initial active 6) (6 cores per cpu, 1 threads per core) family 23 model 96 stepping 1 microcode 0x8600106, cx8, cmov, fxsr, mmx, 3dnowpref, sse, sse2, sse3, ssse3, sse4a, sse4.1, sse4.2, popcnt, lzcnt, tsc, tscinvbit, avx, avx2, aes, clmul, bmi1, bmi2, adx, sha, fma, vzeroupper, clflush, clflushopt, hv
Processor Information for all 6 processors :
  Max Mhz: 2375, Current Mhz: 2375, Mhz Limit: 2375

Memory: 4k page, system-wide physical 7542M (1244M free)
TotalPageFile size 20029M (AvailPageFile size 15M)
current process WorkingSet (physical memory assigned to process): 177M, peak: 177M
current process commit charge ("private bytes"): 231M, peak: 259M

vm_info: OpenJDK 64-Bit Server VM (17.0.9+0--11185874) for windows-amd64 JRE (17.0.9+0--11185874), built on Dec  6 2023 18:57:44 by "androidbuild" with MS VC++ 16.10 / 16.11 (VS2019)

END.
